Using pre-set license
Built from '2020.3/release' branch; Version is '2020.3.2f1 (8fd9074bf66c) revision 9427207'; Using compiler version '192528614'; Build Type 'Release'
OS: 'Windows 10 Home; OS build 19042.1165; Version 2009; 64bit' Language: 'en' Physical Memory: 16243 MB
BatchMode: 1, IsHumanControllingUs: 0, StartBugReporterOnCrash: 0, Is64bit: 1, IsPro: 0

 COMMAND LINE ARGUMENTS:
C:\Program Files\Unity\Hub\Editor\2020.3.2f1\Editor\Unity.exe
-adb2
-batchMode
-noUpm
-name
AssetImportWorker0
-projectPath
D:/_Desktop Extra/Unity Project Storage/Cosmic-TSS-Repo/Cosmic_TSS
-logFile
Logs/AssetImportWorker0.log
-srvPort
55725
Successfully changed project path to: D:/_Desktop Extra/Unity Project Storage/Cosmic-TSS-Repo/Cosmic_TSS
D:/_Desktop Extra/Unity Project Storage/Cosmic-TSS-Repo/Cosmic_TSS
Using Asset Import Pipeline V2.
Refreshing native plugins compatible for Editor in 101.16 ms, found 0 plugins.
Preloading 0 native plugins for Editor in 0.00 ms.
Initialize engine version: 2020.3.2f1 (8fd9074bf66c)
[Subsystems] Discovering subsystems at path C:/Program Files/Unity/Hub/Editor/2020.3.2f1/Editor/Data/Resources/UnitySubsystems
[Subsystems] Discovering subsystems at path D:/_Desktop Extra/Unity Project Storage/Cosmic-TSS-Repo/Cosmic_TSS/Assets
GfxDevice: creating device client; threaded=0
Direct3D:
    Version:  Direct3D 11.0 [level 11.1]
    Renderer: NVIDIA GeForce GTX 1050 Ti (ID=0x1c8c)
    Vendor:   
    VRAM:     4018 MB
    Driver:   30.0.14.7168
Shader 'Universal Render Pipeline/Particles/Lit': fallback shader 'Universal Render Pipeline/Particles/SimpleLit' not found
Initialize mono
Mono path[0] = 'C:/Program Files/Unity/Hub/Editor/2020.3.2f1/Editor/Data/Managed'
Mono path[1] = 'C:/Program Files/Unity/Hub/Editor/2020.3.2f1/Editor/Data/MonoBleedingEdge/lib/mono/unityjit'
Mono config path = 'C:/Program Files/Unity/Hub/Editor/2020.3.2f1/Editor/Data/MonoBleedingEdge/etc'
Using monoOptions --debugger-agent=transport=dt_socket,embedding=1,server=y,suspend=n,address=127.0.0.1:56448
Begin MonoManager ReloadAssembly
Registering precompiled unity dll's ...
Register platform support module: C:/Program Files/Unity/Hub/Editor/2020.3.2f1/Editor/Data/PlaybackEngines/MacStandaloneSupport/UnityEditor.OSXStandalone.Extensions.dll
Register platform support module: C:/Program Files/Unity/Hub/Editor/2020.3.2f1/Editor/Data/PlaybackEngines/WindowsStandaloneSupport/UnityEditor.WindowsStandalone.Extensions.dll
Registered in 0.004848 seconds.
Native extension for WindowsStandalone target not found
Native extension for OSXStandalone target not found
Refreshing native plugins compatible for Editor in 85.46 ms, found 0 plugins.
Preloading 0 native plugins for Editor in 0.00 ms.
Invoked RoslynAnalysisRunner static constructor.
RoslynAnalysisRunner will not be running.
RoslynAnalysisRunner has terminated.
Mono: successfully reloaded assembly
- Completed reload, in  1.746 seconds
Platform modules already initialized, skipping
Registering precompiled user dll's ...
Registered in 0.003986 seconds.
Begin MonoManager ReloadAssembly
Native extension for WindowsStandalone target not found
Native extension for OSXStandalone target not found
Refreshing native plugins compatible for Editor in 93.10 ms, found 0 plugins.
Preloading 0 native plugins for Editor in 0.00 ms.
Invoked RoslynAnalysisRunner static constructor.
RoslynAnalysisRunner will not be running.
RoslynAnalysisRunner has terminated.
Mono: successfully reloaded assembly
- Completed reload, in  1.600 seconds
Platform modules already initialized, skipping
========================================================================
Worker process is ready to serve import requests
Shader 'Universal Render Pipeline/Particles/Lit': fallback shader 'Universal Render Pipeline/Particles/SimpleLit' not found
Launched and connected shader compiler UnityShaderCompiler.exe after 0.08 seconds
Refreshing native plugins compatible for Editor in 0.84 ms, found 0 plugins.
Preloading 0 native plugins for Editor in 0.00 ms.
Unloading 3696 Unused Serialized files (Serialized files now loaded: 0)
System memory in use before: 161.3 MB.
System memory in use after: 161.5 MB.

Unloading 30 unused Assets to reduce memory usage. Loaded Objects now: 4128.
Total: 3.559000 ms (FindLiveObjects: 0.434600 ms CreateObjectMapping: 0.250400 ms MarkObjects: 2.787100 ms  DeleteObjects: 0.085300 ms)

========================================================================
Received Import Request.
  path: Assets/Materials/ProBuilder Varaint.mat
  artifactKey: Guid(3a14d097613bf52438708b6269663663) Importer(815301076,1909f56bfc062723c751e8b465ee728b)
Start importing Assets/Materials/ProBuilder Varaint.mat using Guid(3a14d097613bf52438708b6269663663) Importer(815301076,1909f56bfc062723c751e8b465ee728b)  -> (artifact id: '5e3bbf4f9e1dd34426c4bbc7e6efd7f2') in 0.306721 seconds
  Import took 0.826781 seconds .

========================================================================
Received Import Request.
  Time since last request: 41.859949 seconds.
  path: Packages/com.unity.searcher/Editor/Resources/FlatSkin/Font/Roboto-BlackItalic.ttf
  artifactKey: Guid(f95147a9bab9fe649b8070170fa7ebd2) Importer(815301076,1909f56bfc062723c751e8b465ee728b)
Start importing Packages/com.unity.searcher/Editor/Resources/FlatSkin/Font/Roboto-BlackItalic.ttf using Guid(f95147a9bab9fe649b8070170fa7ebd2) Importer(815301076,1909f56bfc062723c751e8b465ee728b)  -> (artifact id: '3b2f564a58b4af6bc199c3196f435628') in 0.128896 seconds
  Import took 0.263904 seconds .

========================================================================
Received Import Request.
  Time since last request: 0.000853 seconds.
  path: Packages/com.unity.searcher/Editor/Resources/FlatSkin/Font/Roboto-BoldItalic.ttf
  artifactKey: Guid(dfb97a9307a577a41bcacba34b9a7e32) Importer(815301076,1909f56bfc062723c751e8b465ee728b)
Start importing Packages/com.unity.searcher/Editor/Resources/FlatSkin/Font/Roboto-BoldItalic.ttf using Guid(dfb97a9307a577a41bcacba34b9a7e32) Importer(815301076,1909f56bfc062723c751e8b465ee728b)  -> (artifact id: '06238507468572681dfaa0062bc0461d') in 0.082860 seconds
  Import took 0.145782 seconds .

========================================================================
Received Import Request.
  Time since last request: 0.000446 seconds.
  path: Packages/com.unity.searcher/Editor/Resources/FlatSkin/Font/Roboto-Thin.ttf
  artifactKey: Guid(19a9abb883540be48b75b951a927ae03) Importer(815301076,1909f56bfc062723c751e8b465ee728b)
Start importing Packages/com.unity.searcher/Editor/Resources/FlatSkin/Font/Roboto-Thin.ttf using Guid(19a9abb883540be48b75b951a927ae03) Importer(815301076,1909f56bfc062723c751e8b465ee728b)  -> (artifact id: '31be75a5c9e88346ed3acad6d4b54837') in 0.048565 seconds
  Import took 0.085810 seconds .

========================================================================
Received Import Request.
  Time since last request: 0.000495 seconds.
  path: Packages/com.unity.searcher/Editor/Resources/FlatSkin/Font/Roboto-BlackItalic.ttf
  artifactKey: Guid(f95147a9bab9fe649b8070170fa7ebd2) Importer(815301076,1909f56bfc062723c751e8b465ee728b)
Start importing Packages/com.unity.searcher/Editor/Resources/FlatSkin/Font/Roboto-BlackItalic.ttf using Guid(f95147a9bab9fe649b8070170fa7ebd2) Importer(815301076,1909f56bfc062723c751e8b465ee728b)  -> (artifact id: '3b2f564a58b4af6bc199c3196f435628') in 0.011010 seconds
  Import took 0.018003 seconds .

========================================================================
Received Import Request.
  Time since last request: 0.000489 seconds.
  path: Packages/com.unity.searcher/Editor/Resources/FlatSkin/Font/Roboto-MediumItalic.ttf
  artifactKey: Guid(d93c1bc57fdf1ac4dad1bf04fac05464) Importer(815301076,1909f56bfc062723c751e8b465ee728b)
Start importing Packages/com.unity.searcher/Editor/Resources/FlatSkin/Font/Roboto-MediumItalic.ttf using Guid(d93c1bc57fdf1ac4dad1bf04fac05464) Importer(815301076,1909f56bfc062723c751e8b465ee728b)  -> (artifact id: 'ca4c7ac91a2d8a9fa9fa0bf9df9ed056') in 0.148279 seconds
  Import took 0.222880 seconds .

========================================================================
Received Import Request.
  Time since last request: 0.000511 seconds.
  path: Packages/com.unity.mobile.android-logcat/Editor/Resources/consola.ttf
  artifactKey: Guid(b8af58820f69b474e8f63dc40a702fbc) Importer(815301076,1909f56bfc062723c751e8b465ee728b)
Start importing Packages/com.unity.mobile.android-logcat/Editor/Resources/consola.ttf using Guid(b8af58820f69b474e8f63dc40a702fbc) Importer(815301076,1909f56bfc062723c751e8b465ee728b)  -> (artifact id: '871d2192bbec1476161ea3140cd75a78') in 0.088610 seconds
  Import took 0.114545 seconds .

========================================================================
Received Import Request.
  Time since last request: 0.000567 seconds.
  path: Packages/com.unity.searcher/Editor/Resources/FlatSkin/Font/Roboto-Bold.ttf
  artifactKey: Guid(3750c318f40cab44a97d3a81beaefeb3) Importer(815301076,1909f56bfc062723c751e8b465ee728b)
Start importing Packages/com.unity.searcher/Editor/Resources/FlatSkin/Font/Roboto-Bold.ttf using Guid(3750c318f40cab44a97d3a81beaefeb3) Importer(815301076,1909f56bfc062723c751e8b465ee728b)  -> (artifact id: '2fe4924fdaa4365d5bca48f1fc8f1d8b') in 0.041409 seconds
  Import took 0.079460 seconds .

========================================================================
Received Import Request.
  Time since last request: 0.000585 seconds.
  path: Packages/com.unity.searcher/Editor/Resources/FlatSkin/Font/Roboto-Italic.ttf
  artifactKey: Guid(c839255fc8f6b4b4d90bf8c1af9f9bd1) Importer(815301076,1909f56bfc062723c751e8b465ee728b)
Start importing Packages/com.unity.searcher/Editor/Resources/FlatSkin/Font/Roboto-Italic.ttf using Guid(c839255fc8f6b4b4d90bf8c1af9f9bd1) Importer(815301076,1909f56bfc062723c751e8b465ee728b)  -> (artifact id: 'b8cb5e42679bbd0928bbd07cd7d9cd7a') in 0.012416 seconds
  Import took 0.050869 seconds .

========================================================================
Received Import Request.
  Time since last request: 0.000498 seconds.
  path: Packages/com.unity.searcher/Editor/Resources/FlatSkin/Font/Roboto-ThinItalic.ttf
  artifactKey: Guid(b2ea3b3f1765e544b9eb5bd1a93a91ce) Importer(815301076,1909f56bfc062723c751e8b465ee728b)
Start importing Packages/com.unity.searcher/Editor/Resources/FlatSkin/Font/Roboto-ThinItalic.ttf using Guid(b2ea3b3f1765e544b9eb5bd1a93a91ce) Importer(815301076,1909f56bfc062723c751e8b465ee728b)  -> (artifact id: 'b9cebd2506cfb9b7aaf277535268361f') in 0.031764 seconds
  Import took 0.078011 seconds .

========================================================================
Received Import Request.
  Time since last request: 0.000660 seconds.
  path: Packages/com.unity.searcher/Editor/Resources/FlatSkin/Font/Roboto-Black.ttf
  artifactKey: Guid(1062c701058745940ae5dca6219c64c8) Importer(815301076,1909f56bfc062723c751e8b465ee728b)
Start importing Packages/com.unity.searcher/Editor/Resources/FlatSkin/Font/Roboto-Black.ttf using Guid(1062c701058745940ae5dca6219c64c8) Importer(815301076,1909f56bfc062723c751e8b465ee728b)  -> (artifact id: '404daba040afc0ee498d0cc567186520') in 0.021502 seconds
  Import took 0.028171 seconds .

========================================================================
Received Import Request.
  Time since last request: 0.000495 seconds.
  path: Packages/com.unity.searcher/Editor/Resources/FlatSkin/Font/Roboto-Regular.ttf
  artifactKey: Guid(30dc370b164eefc43b95744fc796dad0) Importer(815301076,1909f56bfc062723c751e8b465ee728b)
Start importing Packages/com.unity.searcher/Editor/Resources/FlatSkin/Font/Roboto-Regular.ttf using Guid(30dc370b164eefc43b95744fc796dad0) Importer(815301076,1909f56bfc062723c751e8b465ee728b)  -> (artifact id: '3031d6d292f0b7a5a781691c2d2a717f') in 0.054660 seconds
  Import took 0.061998 seconds .

========================================================================
Received Import Request.
  Time since last request: 0.000564 seconds.
  path: Packages/com.unity.searcher/Editor/Resources/FlatSkin/Font/Roboto-Medium.ttf
  artifactKey: Guid(a51a3aebb43ac044989270407476b208) Importer(815301076,1909f56bfc062723c751e8b465ee728b)
Start importing Packages/com.unity.searcher/Editor/Resources/FlatSkin/Font/Roboto-Medium.ttf using Guid(a51a3aebb43ac044989270407476b208) Importer(815301076,1909f56bfc062723c751e8b465ee728b)  -> (artifact id: '56219ba75edfac9adb94ca8468ecafb4') in 0.016418 seconds
  Import took 0.061944 seconds .

========================================================================
Received Import Request.
  Time since last request: 0.000576 seconds.
  path: Packages/com.unity.render-pipelines.core/Runtime/Debugging/Prefabs/Fonts/Perfect DOS VGA 437.ttf
  artifactKey: Guid(74a5091d8707f334b9a5c31ef71a64ba) Importer(815301076,1909f56bfc062723c751e8b465ee728b)
Start importing Packages/com.unity.render-pipelines.core/Runtime/Debugging/Prefabs/Fonts/Perfect DOS VGA 437.ttf using Guid(74a5091d8707f334b9a5c31ef71a64ba) Importer(815301076,1909f56bfc062723c751e8b465ee728b)  -> (artifact id: 'd82ef9ab8773e4ee7e227665f64a01a0') in 0.028337 seconds
  Import took 0.063738 seconds .

========================================================================
Received Import Request.
  Time since last request: 0.000594 seconds.
  path: Packages/com.unity.searcher/Editor/Resources/FlatSkin/Font/Roboto-Light.ttf
  artifactKey: Guid(2a29e27936eb547458f646f71125b264) Importer(815301076,1909f56bfc062723c751e8b465ee728b)
Start importing Packages/com.unity.searcher/Editor/Resources/FlatSkin/Font/Roboto-Light.ttf using Guid(2a29e27936eb547458f646f71125b264) Importer(815301076,1909f56bfc062723c751e8b465ee728b)  -> (artifact id: 'b6788ddbaab22ad2d977e2e40d6a8b20') in 0.014199 seconds
  Import took 0.029406 seconds .

========================================================================
Received Import Request.
  Time since last request: 0.000533 seconds.
  path: Packages/com.unity.searcher/Editor/Resources/FlatSkin/Font/Roboto-LightItalic.ttf
  artifactKey: Guid(5e63515167650a541b309ba3bfd4db3d) Importer(815301076,1909f56bfc062723c751e8b465ee728b)
Start importing Packages/com.unity.searcher/Editor/Resources/FlatSkin/Font/Roboto-LightItalic.ttf using Guid(5e63515167650a541b309ba3bfd4db3d) Importer(815301076,1909f56bfc062723c751e8b465ee728b)  -> (artifact id: '09faad908a1c00eac98cab50b8393af4') in 0.098420 seconds
  Import took 0.124038 seconds .

========================================================================
Received Import Request.
  Time since last request: 10.396641 seconds.
  path: Assets/Materials/Green.mat
  artifactKey: Guid(32c0d9404158de24b8e603f379fff2e0) Importer(815301076,1909f56bfc062723c751e8b465ee728b)
Start importing Assets/Materials/Green.mat using Guid(32c0d9404158de24b8e603f379fff2e0) Importer(815301076,1909f56bfc062723c751e8b465ee728b)  -> (artifact id: '7b478cf3806087b56736013b8bcd38ba') in 0.012499 seconds
  Import took 0.041262 seconds .

========================================================================
Received Import Request.
  Time since last request: 10.404524 seconds.
  path: Assets/Materials/Green.mat
  artifactKey: Guid(32c0d9404158de24b8e603f379fff2e0) Importer(815301076,1909f56bfc062723c751e8b465ee728b)
Start importing Assets/Materials/Green.mat using Guid(32c0d9404158de24b8e603f379fff2e0) Importer(815301076,1909f56bfc062723c751e8b465ee728b)  -> (artifact id: '0a399f3d53019726c87718488c84b991') in 0.011632 seconds
  Import took 0.019462 seconds .

========================================================================
Received Import Request.
  Time since last request: 46.297348 seconds.
  path: ProjectSettings/TagManager.asset
  artifactKey: Guid(00000000000000003000000000000000) Importer(815301076,1909f56bfc062723c751e8b465ee728b)
Start importing ProjectSettings/TagManager.asset using Guid(00000000000000003000000000000000) Importer(815301076,1909f56bfc062723c751e8b465ee728b)  -> (artifact id: '20dfd4eed43ae97e34bc6cb2a6bd8bd6') in 0.010751 seconds
  Import took 0.077134 seconds .

========================================================================
Received Prepare
Registering precompiled user dll's ...
Registered in 0.004075 seconds.
Begin MonoManager ReloadAssembly
Native extension for WindowsStandalone target not found
Native extension for OSXStandalone target not found
Refreshing native plugins compatible for Editor in 1.15 ms, found 0 plugins.
Preloading 0 native plugins for Editor in 0.00 ms.
Invoked RoslynAnalysisRunner static constructor.
RoslynAnalysisRunner will not be running.
RoslynAnalysisRunner has terminated.
Mono: successfully reloaded assembly
- Completed reload, in  1.424 seconds
Platform modules already initialized, skipping
Switching build target platform(5) subTarget(0) extendedPlatform(0) -> platform(9) subTarget(16777218) extendedPlatform(0)
Shader 'Universal Render Pipeline/Particles/Lit': fallback shader 'Universal Render Pipeline/Particles/SimpleLit' not found
Refreshing native plugins compatible for Editor in 0.97 ms, found 0 plugins.
Preloading 0 native plugins for Editor in 0.00 ms.
Unloading 3574 Unused Serialized files (Serialized files now loaded: 0)
System memory in use before: 152.8 MB.
System memory in use after: 153.1 MB.

Unloading 24 unused Assets to reduce memory usage. Loaded Objects now: 4176.
Total: 3.839100 ms (FindLiveObjects: 0.539500 ms CreateObjectMapping: 0.241100 ms MarkObjects: 3.018200 ms  DeleteObjects: 0.038300 ms)

AssetImportParameters requested are different than current active one (requested -> active):
  custom:graphics/normal-map-encoding: 01000000000000000000000000000000 -> 02000000000000000000000000000000
========================================================================
Received Import Request.
  Time since last request: 186.094463 seconds.
  path: Assets/Interactable_Pickup.cs
  artifactKey: Guid(cdaddf83f2708b045aed17206af0009c) Importer(815301076,1909f56bfc062723c751e8b465ee728b)
Start importing Assets/Interactable_Pickup.cs using Guid(cdaddf83f2708b045aed17206af0009c) Importer(815301076,1909f56bfc062723c751e8b465ee728b)  -> (artifact id: 'fd95e7e504652cbaf1f17f3be67a5d1a') in 0.019080 seconds
  Import took 0.026538 seconds .

========================================================================
Received Import Request.
  Time since last request: 9.866368 seconds.
  path: Assets/Interactable_HealthPickup.cs
  artifactKey: Guid(cdaddf83f2708b045aed17206af0009c) Importer(815301076,1909f56bfc062723c751e8b465ee728b)
Start importing Assets/Interactable_HealthPickup.cs using Guid(cdaddf83f2708b045aed17206af0009c) Importer(815301076,1909f56bfc062723c751e8b465ee728b)  -> (artifact id: 'eac328c77e00b185e7e9249e04d3d0e7') in 0.004852 seconds
  Import took 0.076161 seconds .

========================================================================
Received Prepare
Registering precompiled user dll's ...
Registered in 0.004129 seconds.
Begin MonoManager ReloadAssembly
Native extension for WindowsStandalone target not found
Native extension for OSXStandalone target not found
Refreshing native plugins compatible for Editor in 0.77 ms, found 0 plugins.
Preloading 0 native plugins for Editor in 0.00 ms.
Invoked RoslynAnalysisRunner static constructor.
RoslynAnalysisRunner will not be running.
RoslynAnalysisRunner has terminated.
Mono: successfully reloaded assembly
- Completed reload, in  1.189 seconds
Platform modules already initialized, skipping
Switching build target platform(5) subTarget(0) extendedPlatform(0) -> platform(9) subTarget(16777218) extendedPlatform(0)
Shader 'Universal Render Pipeline/Particles/Lit': fallback shader 'Universal Render Pipeline/Particles/SimpleLit' not found
Refreshing native plugins compatible for Editor in 0.80 ms, found 0 plugins.
Preloading 0 native plugins for Editor in 0.00 ms.
Unloading 3574 Unused Serialized files (Serialized files now loaded: 0)
System memory in use before: 152.9 MB.
System memory in use after: 153.1 MB.

Unloading 23 unused Assets to reduce memory usage. Loaded Objects now: 4179.
Total: 3.298500 ms (FindLiveObjects: 0.381000 ms CreateObjectMapping: 0.232500 ms MarkObjects: 2.660300 ms  DeleteObjects: 0.023900 ms)

AssetImportParameters requested are different than current active one (requested -> active):
  custom:graphics/normal-map-encoding: 01000000000000000000000000000000 -> 02000000000000000000000000000000
========================================================================
Received Prepare
Registering precompiled user dll's ...
Registered in 0.004285 seconds.
Begin MonoManager ReloadAssembly
Native extension for WindowsStandalone target not found
Native extension for OSXStandalone target not found
Refreshing native plugins compatible for Editor in 0.99 ms, found 0 plugins.
Preloading 0 native plugins for Editor in 0.00 ms.
Invoked RoslynAnalysisRunner static constructor.
RoslynAnalysisRunner will not be running.
RoslynAnalysisRunner has terminated.
Mono: successfully reloaded assembly
- Completed reload, in  1.635 seconds
Platform modules already initialized, skipping
Switching build target platform(5) subTarget(0) extendedPlatform(0) -> platform(9) subTarget(16777218) extendedPlatform(0)
Shader 'Universal Render Pipeline/Particles/Lit': fallback shader 'Universal Render Pipeline/Particles/SimpleLit' not found
Refreshing native plugins compatible for Editor in 0.83 ms, found 0 plugins.
Preloading 0 native plugins for Editor in 0.00 ms.
Unloading 3574 Unused Serialized files (Serialized files now loaded: 0)
System memory in use before: 152.9 MB.
System memory in use after: 153.2 MB.

Unloading 23 unused Assets to reduce memory usage. Loaded Objects now: 4182.
Total: 3.346000 ms (FindLiveObjects: 0.475300 ms CreateObjectMapping: 0.287500 ms MarkObjects: 2.550900 ms  DeleteObjects: 0.030700 ms)

AssetImportParameters requested are different than current active one (requested -> active):
  custom:graphics/normal-map-encoding: 01000000000000000000000000000000 -> 02000000000000000000000000000000
========================================================================
Received Prepare
Registering precompiled user dll's ...
Registered in 0.004971 seconds.
Begin MonoManager ReloadAssembly
Native extension for WindowsStandalone target not found
Native extension for OSXStandalone target not found
Refreshing native plugins compatible for Editor in 1.22 ms, found 0 plugins.
Preloading 0 native plugins for Editor in 0.00 ms.
Invoked RoslynAnalysisRunner static constructor.
RoslynAnalysisRunner will not be running.
RoslynAnalysisRunner has terminated.
Mono: successfully reloaded assembly
- Completed reload, in  1.540 seconds
Platform modules already initialized, skipping
Switching build target platform(5) subTarget(0) extendedPlatform(0) -> platform(9) subTarget(16777218) extendedPlatform(0)
Shader 'Universal Render Pipeline/Particles/Lit': fallback shader 'Universal Render Pipeline/Particles/SimpleLit' not found
Refreshing native plugins compatible for Editor in 0.85 ms, found 0 plugins.
Preloading 0 native plugins for Editor in 0.00 ms.
Unloading 3574 Unused Serialized files (Serialized files now loaded: 0)
System memory in use before: 153.0 MB.
System memory in use after: 153.2 MB.

Unloading 23 unused Assets to reduce memory usage. Loaded Objects now: 4185.
Total: 3.871400 ms (FindLiveObjects: 0.444000 ms CreateObjectMapping: 0.250400 ms MarkObjects: 3.134900 ms  DeleteObjects: 0.040400 ms)

AssetImportParameters requested are different than current active one (requested -> active):
  custom:graphics/normal-map-encoding: 01000000000000000000000000000000 -> 02000000000000000000000000000000
========================================================================
Received Prepare
Registering precompiled user dll's ...
Registered in 0.003426 seconds.
Begin MonoManager ReloadAssembly
Native extension for WindowsStandalone target not found
Native extension for OSXStandalone target not found
Refreshing native plugins compatible for Editor in 1.07 ms, found 0 plugins.
Preloading 0 native plugins for Editor in 0.00 ms.
Invoked RoslynAnalysisRunner static constructor.
RoslynAnalysisRunner will not be running.
RoslynAnalysisRunner has terminated.
Mono: successfully reloaded assembly
- Completed reload, in  1.509 seconds
Platform modules already initialized, skipping
Switching build target platform(5) subTarget(0) extendedPlatform(0) -> platform(9) subTarget(16777218) extendedPlatform(0)
Shader 'Universal Render Pipeline/Particles/Lit': fallback shader 'Universal Render Pipeline/Particles/SimpleLit' not found
Refreshing native plugins compatible for Editor in 0.79 ms, found 0 plugins.
Preloading 0 native plugins for Editor in 0.00 ms.
Unloading 3574 Unused Serialized files (Serialized files now loaded: 0)
System memory in use before: 153.0 MB.
System memory in use after: 153.2 MB.

Unloading 23 unused Assets to reduce memory usage. Loaded Objects now: 4188.
Total: 4.191600 ms (FindLiveObjects: 0.552900 ms CreateObjectMapping: 0.277700 ms MarkObjects: 3.322200 ms  DeleteObjects: 0.036300 ms)

AssetImportParameters requested are different than current active one (requested -> active):
  custom:graphics/normal-map-encoding: 01000000000000000000000000000000 -> 02000000000000000000000000000000
========================================================================
Received Prepare
Registering precompiled user dll's ...
Registered in 0.003703 seconds.
Begin MonoManager ReloadAssembly
Native extension for WindowsStandalone target not found
Native extension for OSXStandalone target not found
Refreshing native plugins compatible for Editor in 0.77 ms, found 0 plugins.
Preloading 0 native plugins for Editor in 0.00 ms.
Invoked RoslynAnalysisRunner static constructor.
RoslynAnalysisRunner will not be running.
RoslynAnalysisRunner has terminated.
Mono: successfully reloaded assembly
- Completed reload, in  1.292 seconds
Platform modules already initialized, skipping
Switching build target platform(5) subTarget(0) extendedPlatform(0) -> platform(9) subTarget(16777218) extendedPlatform(0)
Shader 'Universal Render Pipeline/Particles/Lit': fallback shader 'Universal Render Pipeline/Particles/SimpleLit' not found
Refreshing native plugins compatible for Editor in 1.18 ms, found 0 plugins.
Preloading 0 native plugins for Editor in 0.00 ms.
Unloading 3574 Unused Serialized files (Serialized files now loaded: 0)
System memory in use before: 153.0 MB.
System memory in use after: 153.2 MB.

Unloading 23 unused Assets to reduce memory usage. Loaded Objects now: 4191.
Total: 3.263200 ms (FindLiveObjects: 0.362600 ms CreateObjectMapping: 0.224100 ms MarkObjects: 2.643000 ms  DeleteObjects: 0.032200 ms)

AssetImportParameters requested are different than current active one (requested -> active):
  custom:graphics/normal-map-encoding: 01000000000000000000000000000000 -> 02000000000000000000000000000000
========================================================================
Received Prepare
Registering precompiled user dll's ...
Registered in 0.003550 seconds.
Begin MonoManager ReloadAssembly
Native extension for WindowsStandalone target not found
Native extension for OSXStandalone target not found
Refreshing native plugins compatible for Editor in 0.74 ms, found 0 plugins.
Preloading 0 native plugins for Editor in 0.00 ms.
Invoked RoslynAnalysisRunner static constructor.
RoslynAnalysisRunner will not be running.
RoslynAnalysisRunner has terminated.
Mono: successfully reloaded assembly
- Completed reload, in  1.285 seconds
Platform modules already initialized, skipping
Switching build target platform(5) subTarget(0) extendedPlatform(0) -> platform(9) subTarget(16777218) extendedPlatform(0)
Shader 'Universal Render Pipeline/Particles/Lit': fallback shader 'Universal Render Pipeline/Particles/SimpleLit' not found
Refreshing native plugins compatible for Editor in 0.69 ms, found 0 plugins.
Preloading 0 native plugins for Editor in 0.00 ms.
Unloading 3574 Unused Serialized files (Serialized files now loaded: 0)
System memory in use before: 153.0 MB.
System memory in use after: 153.2 MB.

Unloading 23 unused Assets to reduce memory usage. Loaded Objects now: 4194.
Total: 3.256700 ms (FindLiveObjects: 0.480600 ms CreateObjectMapping: 0.211500 ms MarkObjects: 2.538300 ms  DeleteObjects: 0.025000 ms)

AssetImportParameters requested are different than current active one (requested -> active):
  custom:graphics/normal-map-encoding: 01000000000000000000000000000000 -> 02000000000000000000000000000000
========================================================================
Received Prepare
Registering precompiled user dll's ...
Registered in 0.003947 seconds.
Begin MonoManager ReloadAssembly
Native extension for WindowsStandalone target not found
Native extension for OSXStandalone target not found
Refreshing native plugins compatible for Editor in 0.93 ms, found 0 plugins.
Preloading 0 native plugins for Editor in 0.00 ms.
Invoked RoslynAnalysisRunner static constructor.
RoslynAnalysisRunner will not be running.
RoslynAnalysisRunner has terminated.
Mono: successfully reloaded assembly
- Completed reload, in  1.260 seconds
Platform modules already initialized, skipping
Switching build target platform(5) subTarget(0) extendedPlatform(0) -> platform(9) subTarget(16777218) extendedPlatform(0)
Shader 'Universal Render Pipeline/Particles/Lit': fallback shader 'Universal Render Pipeline/Particles/SimpleLit' not found
Refreshing native plugins compatible for Editor in 0.77 ms, found 0 plugins.
Preloading 0 native plugins for Editor in 0.00 ms.
Unloading 3574 Unused Serialized files (Serialized files now loaded: 0)
System memory in use before: 153.0 MB.
System memory in use after: 153.2 MB.

Unloading 23 unused Assets to reduce memory usage. Loaded Objects now: 4197.
Total: 3.091700 ms (FindLiveObjects: 0.398800 ms CreateObjectMapping: 0.255300 ms MarkObjects: 2.409400 ms  DeleteObjects: 0.026400 ms)

AssetImportParameters requested are different than current active one (requested -> active):
  custom:graphics/normal-map-encoding: 01000000000000000000000000000000 -> 02000000000000000000000000000000
========================================================================
Received Prepare
Registering precompiled user dll's ...
Registered in 0.004967 seconds.
Begin MonoManager ReloadAssembly
Native extension for WindowsStandalone target not found
Native extension for OSXStandalone target not found
Refreshing native plugins compatible for Editor in 0.77 ms, found 0 plugins.
Preloading 0 native plugins for Editor in 0.00 ms.
Invoked RoslynAnalysisRunner static constructor.
RoslynAnalysisRunner will not be running.
RoslynAnalysisRunner has terminated.
Mono: successfully reloaded assembly
- Completed reload, in  1.367 seconds
Platform modules already initialized, skipping
Switching build target platform(5) subTarget(0) extendedPlatform(0) -> platform(9) subTarget(16777218) extendedPlatform(0)
Shader 'Universal Render Pipeline/Particles/Lit': fallback shader 'Universal Render Pipeline/Particles/SimpleLit' not found
Refreshing native plugins compatible for Editor in 0.71 ms, found 0 plugins.
Preloading 0 native plugins for Editor in 0.00 ms.
Unloading 3574 Unused Serialized files (Serialized files now loaded: 0)
System memory in use before: 153.0 MB.
System memory in use after: 153.3 MB.

Unloading 23 unused Assets to reduce memory usage. Loaded Objects now: 4200.
Total: 2.950400 ms (FindLiveObjects: 0.625200 ms CreateObjectMapping: 0.234700 ms MarkObjects: 2.071900 ms  DeleteObjects: 0.017200 ms)

AssetImportParameters requested are different than current active one (requested -> active):
  custom:graphics/normal-map-encoding: 01000000000000000000000000000000 -> 02000000000000000000000000000000
========================================================================
Received Prepare
Registering precompiled user dll's ...
Registered in 0.004483 seconds.
Begin MonoManager ReloadAssembly
Native extension for WindowsStandalone target not found
Native extension for OSXStandalone target not found
Refreshing native plugins compatible for Editor in 0.76 ms, found 0 plugins.
Preloading 0 native plugins for Editor in 0.00 ms.
Invoked RoslynAnalysisRunner static constructor.
RoslynAnalysisRunner will not be running.
RoslynAnalysisRunner has terminated.
Mono: successfully reloaded assembly
- Completed reload, in  1.359 seconds
Platform modules already initialized, skipping
Switching build target platform(5) subTarget(0) extendedPlatform(0) -> platform(9) subTarget(16777218) extendedPlatform(0)
Shader 'Universal Render Pipeline/Particles/Lit': fallback shader 'Universal Render Pipeline/Particles/SimpleLit' not found
Refreshing native plugins compatible for Editor in 0.74 ms, found 0 plugins.
Preloading 0 native plugins for Editor in 0.00 ms.
Unloading 3574 Unused Serialized files (Serialized files now loaded: 0)
System memory in use before: 153.0 MB.
System memory in use after: 153.3 MB.

Unloading 23 unused Assets to reduce memory usage. Loaded Objects now: 4203.
Total: 3.546500 ms (FindLiveObjects: 0.459900 ms CreateObjectMapping: 0.364900 ms MarkObjects: 2.687500 ms  DeleteObjects: 0.033000 ms)

AssetImportParameters requested are different than current active one (requested -> active):
  custom:graphics/normal-map-encoding: 01000000000000000000000000000000 -> 02000000000000000000000000000000
========================================================================
Received Prepare
Registering precompiled user dll's ...
Registered in 0.005162 seconds.
Begin MonoManager ReloadAssembly
Native extension for WindowsStandalone target not found
Native extension for OSXStandalone target not found
Refreshing native plugins compatible for Editor in 0.80 ms, found 0 plugins.
Preloading 0 native plugins for Editor in 0.00 ms.
Invoked RoslynAnalysisRunner static constructor.
RoslynAnalysisRunner will not be running.
RoslynAnalysisRunner has terminated.
Mono: successfully reloaded assembly
- Completed reload, in  1.467 seconds
Platform modules already initialized, skipping
Switching build target platform(5) subTarget(0) extendedPlatform(0) -> platform(9) subTarget(16777218) extendedPlatform(0)
Shader 'Universal Render Pipeline/Particles/Lit': fallback shader 'Universal Render Pipeline/Particles/SimpleLit' not found
Refreshing native plugins compatible for Editor in 1.32 ms, found 0 plugins.
Preloading 0 native plugins for Editor in 0.00 ms.
Unloading 3575 Unused Serialized files (Serialized files now loaded: 0)
System memory in use before: 153.0 MB.
System memory in use after: 153.3 MB.

Unloading 23 unused Assets to reduce memory usage. Loaded Objects now: 4207.
Total: 3.899300 ms (FindLiveObjects: 0.548800 ms CreateObjectMapping: 0.318900 ms MarkObjects: 2.996300 ms  DeleteObjects: 0.033700 ms)

AssetImportParameters requested are different than current active one (requested -> active):
  custom:graphics/normal-map-encoding: 01000000000000000000000000000000 -> 02000000000000000000000000000000
========================================================================
Received Import Request.
  Time since last request: 783.286529 seconds.
  path: Assets/Enemy_NavMeshMovement.cs
  artifactKey: Guid(e023fafbd98047d408b977b5abd62523) Importer(815301076,1909f56bfc062723c751e8b465ee728b)
Start importing Assets/Enemy_NavMeshMovement.cs using Guid(e023fafbd98047d408b977b5abd62523) Importer(815301076,1909f56bfc062723c751e8b465ee728b)  -> (artifact id: '2bb30d0032f8dec52a9adca84532a50a') in 0.009096 seconds
  Import took 0.134334 seconds .

========================================================================
Received Prepare
Registering precompiled user dll's ...
Registered in 0.003943 seconds.
Begin MonoManager ReloadAssembly
Native extension for WindowsStandalone target not found
Native extension for OSXStandalone target not found
Refreshing native plugins compatible for Editor in 0.88 ms, found 0 plugins.
Preloading 0 native plugins for Editor in 0.00 ms.
Invoked RoslynAnalysisRunner static constructor.
RoslynAnalysisRunner will not be running.
RoslynAnalysisRunner has terminated.
Mono: successfully reloaded assembly
- Completed reload, in  1.473 seconds
Platform modules already initialized, skipping
Switching build target platform(5) subTarget(0) extendedPlatform(0) -> platform(9) subTarget(16777218) extendedPlatform(0)
Shader 'Universal Render Pipeline/Particles/Lit': fallback shader 'Universal Render Pipeline/Particles/SimpleLit' not found
Refreshing native plugins compatible for Editor in 0.76 ms, found 0 plugins.
Preloading 0 native plugins for Editor in 0.00 ms.
Unloading 3575 Unused Serialized files (Serialized files now loaded: 0)
System memory in use before: 153.1 MB.
System memory in use after: 153.3 MB.

Unloading 23 unused Assets to reduce memory usage. Loaded Objects now: 4210.
Total: 3.829200 ms (FindLiveObjects: 0.584300 ms CreateObjectMapping: 0.267300 ms MarkObjects: 2.951400 ms  DeleteObjects: 0.024600 ms)

AssetImportParameters requested are different than current active one (requested -> active):
  custom:graphics/normal-map-encoding: 01000000000000000000000000000000 -> 02000000000000000000000000000000
========================================================================
Received Prepare
Registering precompiled user dll's ...
Registered in 0.005265 seconds.
Begin MonoManager ReloadAssembly
Native extension for WindowsStandalone target not found
Native extension for OSXStandalone target not found
Refreshing native plugins compatible for Editor in 0.84 ms, found 0 plugins.
Preloading 0 native plugins for Editor in 0.00 ms.
Invoked RoslynAnalysisRunner static constructor.
RoslynAnalysisRunner will not be running.
RoslynAnalysisRunner has terminated.
Mono: successfully reloaded assembly
- Completed reload, in  1.365 seconds
Platform modules already initialized, skipping
Switching build target platform(5) subTarget(0) extendedPlatform(0) -> platform(9) subTarget(16777218) extendedPlatform(0)
Shader 'Universal Render Pipeline/Particles/Lit': fallback shader 'Universal Render Pipeline/Particles/SimpleLit' not found
Refreshing native plugins compatible for Editor in 0.70 ms, found 0 plugins.
Preloading 0 native plugins for Editor in 0.00 ms.
Unloading 3575 Unused Serialized files (Serialized files now loaded: 0)
System memory in use before: 153.1 MB.
System memory in use after: 153.3 MB.

Unloading 23 unused Assets to reduce memory usage. Loaded Objects now: 4213.
Total: 2.978800 ms (FindLiveObjects: 0.478700 ms CreateObjectMapping: 0.196000 ms MarkObjects: 2.280300 ms  DeleteObjects: 0.022700 ms)

AssetImportParameters requested are different than current active one (requested -> active):
  custom:graphics/normal-map-encoding: 01000000000000000000000000000000 -> 02000000000000000000000000000000
========================================================================
Received Prepare
Registering precompiled user dll's ...
Registered in 0.003371 seconds.
Begin MonoManager ReloadAssembly
Native extension for WindowsStandalone target not found
Native extension for OSXStandalone target not found
Refreshing native plugins compatible for Editor in 0.69 ms, found 0 plugins.
Preloading 0 native plugins for Editor in 0.00 ms.
Invoked RoslynAnalysisRunner static constructor.
RoslynAnalysisRunner will not be running.
RoslynAnalysisRunner has terminated.
Mono: successfully reloaded assembly
- Completed reload, in  1.385 seconds
Platform modules already initialized, skipping
Switching build target platform(5) subTarget(0) extendedPlatform(0) -> platform(9) subTarget(16777218) extendedPlatform(0)
Shader 'Universal Render Pipeline/Particles/Lit': fallback shader 'Universal Render Pipeline/Particles/SimpleLit' not found
Refreshing native plugins compatible for Editor in 0.97 ms, found 0 plugins.
Preloading 0 native plugins for Editor in 0.00 ms.
Unloading 3575 Unused Serialized files (Serialized files now loaded: 0)
System memory in use before: 153.1 MB.
System memory in use after: 153.3 MB.

Unloading 23 unused Assets to reduce memory usage. Loaded Objects now: 4216.
Total: 3.596400 ms (FindLiveObjects: 0.545000 ms CreateObjectMapping: 0.318900 ms MarkObjects: 2.698800 ms  DeleteObjects: 0.031800 ms)

AssetImportParameters requested are different than current active one (requested -> active):
  custom:graphics/normal-map-encoding: 01000000000000000000000000000000 -> 02000000000000000000000000000000
========================================================================
Received Import Request.
  Time since last request: 27.764830 seconds.
  path: Assets/Scripts/Enemy/Enemy_Stats.cs
  artifactKey: Guid(c171d7217c683ec43a50b946eb43aa8d) Importer(815301076,1909f56bfc062723c751e8b465ee728b)
Start importing Assets/Scripts/Enemy/Enemy_Stats.cs using Guid(c171d7217c683ec43a50b946eb43aa8d) Importer(815301076,1909f56bfc062723c751e8b465ee728b)  -> (artifact id: '4b0e072d333d4b0ef9bc615b3a027839') in 0.007463 seconds
  Import took 0.155776 seconds .

========================================================================
Received Prepare
Registering precompiled user dll's ...
Registered in 0.004143 seconds.
Begin MonoManager ReloadAssembly
Native extension for WindowsStandalone target not found
Native extension for OSXStandalone target not found
Refreshing native plugins compatible for Editor in 0.76 ms, found 0 plugins.
Preloading 0 native plugins for Editor in 0.00 ms.
Invoked RoslynAnalysisRunner static constructor.
RoslynAnalysisRunner will not be running.
RoslynAnalysisRunner has terminated.
Mono: successfully reloaded assembly
- Completed reload, in  1.396 seconds
Platform modules already initialized, skipping
Switching build target platform(5) subTarget(0) extendedPlatform(0) -> platform(9) subTarget(16777218) extendedPlatform(0)
Shader 'Universal Render Pipeline/Particles/Lit': fallback shader 'Universal Render Pipeline/Particles/SimpleLit' not found
Refreshing native plugins compatible for Editor in 0.73 ms, found 0 plugins.
Preloading 0 native plugins for Editor in 0.00 ms.
Unloading 3575 Unused Serialized files (Serialized files now loaded: 0)
System memory in use before: 153.1 MB.
System memory in use after: 153.3 MB.

Unloading 23 unused Assets to reduce memory usage. Loaded Objects now: 4219.
Total: 3.755600 ms (FindLiveObjects: 0.507300 ms CreateObjectMapping: 0.219700 ms MarkObjects: 2.977700 ms  DeleteObjects: 0.049000 ms)

AssetImportParameters requested are different than current active one (requested -> active):
  custom:graphics/normal-map-encoding: 01000000000000000000000000000000 -> 02000000000000000000000000000000
========================================================================
Received Import Request.
  Time since last request: 215.788789 seconds.
  path: Assets/Scripts/Enemy/Enemy_Stats.cs
  artifactKey: Guid(c171d7217c683ec43a50b946eb43aa8d) Importer(815301076,1909f56bfc062723c751e8b465ee728b)
Start importing Assets/Scripts/Enemy/Enemy_Stats.cs using Guid(c171d7217c683ec43a50b946eb43aa8d) Importer(815301076,1909f56bfc062723c751e8b465ee728b)  -> (artifact id: '434334db37e50bd2f4050a0c936e4872') in 0.007179 seconds
  Import took 0.037568 seconds .

========================================================================
Received Import Request.
  Time since last request: 16.368423 seconds.
  path: Assets/Prefabs/Enemy/Enemy.prefab
  artifactKey: Guid(bc0b513a648a886478d44d8a0163cd47) Importer(815301076,1909f56bfc062723c751e8b465ee728b)
Start importing Assets/Prefabs/Enemy/Enemy.prefab using Guid(bc0b513a648a886478d44d8a0163cd47) Importer(815301076,1909f56bfc062723c751e8b465ee728b)  -> (artifact id: '548b47deebde6a1e1d378315a5fa14de') in 0.184705 seconds
  Import took 0.216462 seconds .

========================================================================
Received Import Request.
  Time since last request: 3.273625 seconds.
  path: Assets/Prefabs/Enemy/Enemy Variant.prefab
  artifactKey: Guid(b5db7ae88f58ca044905874b6b254d24) Importer(815301076,1909f56bfc062723c751e8b465ee728b)
Start importing Assets/Prefabs/Enemy/Enemy Variant.prefab using Guid(b5db7ae88f58ca044905874b6b254d24) Importer(815301076,1909f56bfc062723c751e8b465ee728b)  -> (artifact id: '91bacce8399aba4748fc12a4e19f10c1') in 0.010630 seconds
  Import took 0.016177 seconds .

========================================================================
Received Import Request.
  Time since last request: 0.005356 seconds.
  path: Assets/Prefabs/Enemy/Enemy Variant.prefab
  artifactKey: Guid(b5db7ae88f58ca044905874b6b254d24) Importer(815301076,1909f56bfc062723c751e8b465ee728b)
Start importing Assets/Prefabs/Enemy/Enemy Variant.prefab using Guid(b5db7ae88f58ca044905874b6b254d24) Importer(815301076,1909f56bfc062723c751e8b465ee728b)  -> (artifact id: '91bacce8399aba4748fc12a4e19f10c1') in 0.009483 seconds
  Import took 0.015439 seconds .

========================================================================
Received Import Request.
  Time since last request: 20.311267 seconds.
  path: Assets/Prefabs/Enemy/Enemy Variant.prefab
  artifactKey: Guid(b5db7ae88f58ca044905874b6b254d24) Importer(815301076,1909f56bfc062723c751e8b465ee728b)
Start importing Assets/Prefabs/Enemy/Enemy Variant.prefab using Guid(b5db7ae88f58ca044905874b6b254d24) Importer(815301076,1909f56bfc062723c751e8b465ee728b)  -> (artifact id: '1b3cd0790836cdcdc107f554e2fa63c3') in 0.032249 seconds
  Import took 0.038476 seconds .

========================================================================
Received Import Request.
  Time since last request: 11.159388 seconds.
  path: Assets/Prefabs/Enemy/Enemy Heavy.prefab
  artifactKey: Guid(b5db7ae88f58ca044905874b6b254d24) Importer(815301076,1909f56bfc062723c751e8b465ee728b)
Start importing Assets/Prefabs/Enemy/Enemy Heavy.prefab using Guid(b5db7ae88f58ca044905874b6b254d24) Importer(815301076,1909f56bfc062723c751e8b465ee728b)  -> (artifact id: '0fbd164a5933d23046d0fa3d03855c2b') in 0.039575 seconds
  Import took 0.129634 seconds .

========================================================================
Received Import Request.
  Time since last request: 3.985139 seconds.
  path: Assets/Prefabs/Enemy/Enemy Heavy.prefab
  artifactKey: Guid(b5db7ae88f58ca044905874b6b254d24) Importer(815301076,1909f56bfc062723c751e8b465ee728b)
Start importing Assets/Prefabs/Enemy/Enemy Heavy.prefab using Guid(b5db7ae88f58ca044905874b6b254d24) Importer(815301076,1909f56bfc062723c751e8b465ee728b)  -> (artifact id: '0d54130dc3e75d6bfe66a99ccc30293d') in 0.033458 seconds
  Import took 0.070849 seconds .

========================================================================
Received Prepare
Registering precompiled user dll's ...
Registered in 0.004199 seconds.
Begin MonoManager ReloadAssembly
Native extension for WindowsStandalone target not found
Native extension for OSXStandalone target not found
Refreshing native plugins compatible for Editor in 0.73 ms, found 0 plugins.
Preloading 0 native plugins for Editor in 0.00 ms.
Invoked RoslynAnalysisRunner static constructor.
RoslynAnalysisRunner will not be running.
RoslynAnalysisRunner has terminated.
Mono: successfully reloaded assembly
- Completed reload, in  1.305 seconds
Platform modules already initialized, skipping
Switching build target platform(5) subTarget(0) extendedPlatform(0) -> platform(9) subTarget(16777218) extendedPlatform(0)
Shader 'Universal Render Pipeline/Particles/Lit': fallback shader 'Universal Render Pipeline/Particles/SimpleLit' not found
Refreshing native plugins compatible for Editor in 0.74 ms, found 0 plugins.
Preloading 0 native plugins for Editor in 0.00 ms.
Unloading 3575 Unused Serialized files (Serialized files now loaded: 0)
System memory in use before: 153.2 MB.
System memory in use after: 153.4 MB.

Unloading 23 unused Assets to reduce memory usage. Loaded Objects now: 4224.
Total: 2.917400 ms (FindLiveObjects: 0.412100 ms CreateObjectMapping: 0.213000 ms MarkObjects: 2.269800 ms  DeleteObjects: 0.021200 ms)

AssetImportParameters requested are different than current active one (requested -> active):
  custom:graphics/normal-map-encoding: 01000000000000000000000000000000 -> 02000000000000000000000000000000
========================================================================
Received Import Request.
  Time since last request: 99.406686 seconds.
  path: Assets/Prefabs/Enemy/Enemy.prefab
  artifactKey: Guid(bc0b513a648a886478d44d8a0163cd47) Importer(815301076,1909f56bfc062723c751e8b465ee728b)
Start importing Assets/Prefabs/Enemy/Enemy.prefab using Guid(bc0b513a648a886478d44d8a0163cd47) Importer(815301076,1909f56bfc062723c751e8b465ee728b)  -> (artifact id: 'fca0c6ceca4873e550dcd37a87d1a812') in 0.053609 seconds
  Import took 0.059714 seconds .

========================================================================
Received Import Request.
  Time since last request: 0.000498 seconds.
  path: Assets/Prefabs/Enemy/Enemy Heavy.prefab
  artifactKey: Guid(b5db7ae88f58ca044905874b6b254d24) Importer(815301076,1909f56bfc062723c751e8b465ee728b)
Start importing Assets/Prefabs/Enemy/Enemy Heavy.prefab using Guid(b5db7ae88f58ca044905874b6b254d24) Importer(815301076,1909f56bfc062723c751e8b465ee728b)  -> (artifact id: '7566d65f25aabe54bc958ab16cfc25f6') in 0.038203 seconds
  Import took 0.102959 seconds .

========================================================================
Received Import Request.
  Time since last request: 0.578524 seconds.
  path: Assets/Prefabs/Enemy/Enemy.prefab
  artifactKey: Guid(bc0b513a648a886478d44d8a0163cd47) Importer(815301076,1909f56bfc062723c751e8b465ee728b)
Start importing Assets/Prefabs/Enemy/Enemy.prefab using Guid(bc0b513a648a886478d44d8a0163cd47) Importer(815301076,1909f56bfc062723c751e8b465ee728b)  -> (artifact id: 'fca0c6ceca4873e550dcd37a87d1a812') in 0.009418 seconds
  Import took 0.015343 seconds .

========================================================================
Received Prepare
Registering precompiled user dll's ...
Registered in 0.003704 seconds.
Begin MonoManager ReloadAssembly
Native extension for WindowsStandalone target not found
Native extension for OSXStandalone target not found
Refreshing native plugins compatible for Editor in 0.76 ms, found 0 plugins.
Preloading 0 native plugins for Editor in 0.00 ms.
Invoked RoslynAnalysisRunner static constructor.
RoslynAnalysisRunner will not be running.
RoslynAnalysisRunner has terminated.
Mono: successfully reloaded assembly
- Completed reload, in  1.403 seconds
Platform modules already initialized, skipping
Switching build target platform(5) subTarget(0) extendedPlatform(0) -> platform(9) subTarget(16777218) extendedPlatform(0)
Shader 'Universal Render Pipeline/Particles/Lit': fallback shader 'Universal Render Pipeline/Particles/SimpleLit' not found
Refreshing native plugins compatible for Editor in 0.80 ms, found 0 plugins.
Preloading 0 native plugins for Editor in 0.00 ms.
Unloading 3575 Unused Serialized files (Serialized files now loaded: 0)
System memory in use before: 153.2 MB.
System memory in use after: 153.4 MB.

Unloading 23 unused Assets to reduce memory usage. Loaded Objects now: 4228.
Total: 3.461700 ms (FindLiveObjects: 0.547700 ms CreateObjectMapping: 0.238000 ms MarkObjects: 2.648800 ms  DeleteObjects: 0.026200 ms)

AssetImportParameters requested are different than current active one (requested -> active):
  custom:graphics/normal-map-encoding: 01000000000000000000000000000000 -> 02000000000000000000000000000000
========================================================================
Received Import Request.
  Time since last request: 65.251832 seconds.
  path: Assets/Materials/Yellow.mat
  artifactKey: Guid(2dfe5d545a1815c40a2d68f130804eaf) Importer(815301076,1909f56bfc062723c751e8b465ee728b)
Start importing Assets/Materials/Yellow.mat using Guid(2dfe5d545a1815c40a2d68f130804eaf) Importer(815301076,1909f56bfc062723c751e8b465ee728b)  -> (artifact id: '15672bbfb610278912238e0bea551465') in 0.061366 seconds
  Import took 0.461032 seconds .

========================================================================
Received Import Request.
  Time since last request: 7.251459 seconds.
  path: Assets/Materials/Yellow.mat
  artifactKey: Guid(2dfe5d545a1815c40a2d68f130804eaf) Importer(815301076,1909f56bfc062723c751e8b465ee728b)
Start importing Assets/Materials/Yellow.mat using Guid(2dfe5d545a1815c40a2d68f130804eaf) Importer(815301076,1909f56bfc062723c751e8b465ee728b)  -> (artifact id: 'ffe511b56a6ee29106fab32e9b8bbd04') in 0.010455 seconds
  Import took 0.025792 seconds .

========================================================================
Received Import Request.
  Time since last request: 11.790369 seconds.
  path: Assets/Prefabs/Enemy/Enemy (2) Variant.prefab
  artifactKey: Guid(a2dccdd873afbf247a2690e091adfd2c) Importer(815301076,1909f56bfc062723c751e8b465ee728b)
Start importing Assets/Prefabs/Enemy/Enemy (2) Variant.prefab using Guid(a2dccdd873afbf247a2690e091adfd2c) Importer(815301076,1909f56bfc062723c751e8b465ee728b)  -> (artifact id: '9690f555fbf5b05520ee5c3dc2ccb940') in 0.022375 seconds
  Import took 0.028384 seconds .

========================================================================
Received Import Request.
  Time since last request: 0.028873 seconds.
  path: Assets/Prefabs/Enemy/Enemy (2) Variant.prefab
  artifactKey: Guid(a2dccdd873afbf247a2690e091adfd2c) Importer(815301076,1909f56bfc062723c751e8b465ee728b)
Start importing Assets/Prefabs/Enemy/Enemy (2) Variant.prefab using Guid(a2dccdd873afbf247a2690e091adfd2c) Importer(815301076,1909f56bfc062723c751e8b465ee728b)  -> (artifact id: '9690f555fbf5b05520ee5c3dc2ccb940') in 0.010274 seconds
  Import took 0.018112 seconds .

========================================================================
Received Import Request.
  Time since last request: 28.873213 seconds.
  path: Assets/Prefabs/Enemy/Enemy ShortShot.prefab
  artifactKey: Guid(a2dccdd873afbf247a2690e091adfd2c) Importer(815301076,1909f56bfc062723c751e8b465ee728b)
Start importing Assets/Prefabs/Enemy/Enemy ShortShot.prefab using Guid(a2dccdd873afbf247a2690e091adfd2c) Importer(815301076,1909f56bfc062723c751e8b465ee728b)  -> (artifact id: 'bd63c52811a8a38a911b1785f098625e') in 0.010604 seconds
  Import took 0.032120 seconds .

========================================================================
Received Import Request.
  Time since last request: 0.002079 seconds.
  path: Assets/Prefabs/Enemy/Enemy ShortShot.prefab
  artifactKey: Guid(a2dccdd873afbf247a2690e091adfd2c) Importer(815301076,1909f56bfc062723c751e8b465ee728b)
Start importing Assets/Prefabs/Enemy/Enemy ShortShot.prefab using Guid(a2dccdd873afbf247a2690e091adfd2c) Importer(815301076,1909f56bfc062723c751e8b465ee728b)  -> (artifact id: 'bd63c52811a8a38a911b1785f098625e') in 0.010139 seconds
  Import took 0.015938 seconds .

========================================================================
Received Import Request.
  Time since last request: 41.433785 seconds.
  path: Assets/Materials/Purple.mat
  artifactKey: Guid(26554b623a3c97d43b3eb40f9b83e32a) Importer(815301076,1909f56bfc062723c751e8b465ee728b)
Start importing Assets/Materials/Purple.mat using Guid(26554b623a3c97d43b3eb40f9b83e32a) Importer(815301076,1909f56bfc062723c751e8b465ee728b)  -> (artifact id: 'fd19a816709fc0f870e43defbcccd603') in 0.011945 seconds
  Import took 0.018378 seconds .

========================================================================
Received Import Request.
  Time since last request: 8.853832 seconds.
  path: Assets/Materials/Purple.mat
  artifactKey: Guid(26554b623a3c97d43b3eb40f9b83e32a) Importer(815301076,1909f56bfc062723c751e8b465ee728b)
Start importing Assets/Materials/Purple.mat using Guid(26554b623a3c97d43b3eb40f9b83e32a) Importer(815301076,1909f56bfc062723c751e8b465ee728b)  -> (artifact id: '7ed4a9025d2d30e2647bba4fa18740b2') in 0.011066 seconds
  Import took 0.024225 seconds .

========================================================================
Received Import Request.
  Time since last request: 14.299257 seconds.
  path: Assets/Prefabs/Enemy/Enemy (4) Variant.prefab
  artifactKey: Guid(7acf70de0938fcf4fbd40b2a826d5327) Importer(815301076,1909f56bfc062723c751e8b465ee728b)
Start importing Assets/Prefabs/Enemy/Enemy (4) Variant.prefab using Guid(7acf70de0938fcf4fbd40b2a826d5327) Importer(815301076,1909f56bfc062723c751e8b465ee728b)  -> (artifact id: 'a9c7c295c63fcbe30292730c1c1d3308') in 0.010071 seconds
  Import took 0.053135 seconds .

========================================================================
Received Import Request.
  Time since last request: 13.246952 seconds.
  path: Assets/Prefabs/Enemy/Enemy Sniper.prefab
  artifactKey: Guid(7acf70de0938fcf4fbd40b2a826d5327) Importer(815301076,1909f56bfc062723c751e8b465ee728b)
Start importing Assets/Prefabs/Enemy/Enemy Sniper.prefab using Guid(7acf70de0938fcf4fbd40b2a826d5327) Importer(815301076,1909f56bfc062723c751e8b465ee728b)  -> (artifact id: '7bd73e866c1115a17fb87589a5552324') in 0.034520 seconds
  Import took 0.059387 seconds .

========================================================================
Received Import Request.
  Time since last request: 23.792242 seconds.
  path: Assets/Materials/Blue.mat
  artifactKey: Guid(f1b65537a6e12184b9bc065304a207b7) Importer(815301076,1909f56bfc062723c751e8b465ee728b)
Start importing Assets/Materials/Blue.mat using Guid(f1b65537a6e12184b9bc065304a207b7) Importer(815301076,1909f56bfc062723c751e8b465ee728b)  -> (artifact id: '6747f9a4dbd48a5f3c85966d0cb52b47') in 0.009715 seconds
  Import took 0.047863 seconds .

========================================================================
Received Import Request.
  Time since last request: 42.872309 seconds.
  path: Assets/Prefabs/Enemy/Enemy (1) Variant.prefab
  artifactKey: Guid(6eb345adb5d99ae4fb32c2e00d128b98) Importer(815301076,1909f56bfc062723c751e8b465ee728b)
Start importing Assets/Prefabs/Enemy/Enemy (1) Variant.prefab using Guid(6eb345adb5d99ae4fb32c2e00d128b98) Importer(815301076,1909f56bfc062723c751e8b465ee728b)  -> (artifact id: '0a41f10df63bcc1e5548e40d6a5e9f42') in 0.011332 seconds
  Import took 0.017246 seconds .

========================================================================
Received Import Request.
  Time since last request: 0.029257 seconds.
  path: Assets/Prefabs/Enemy/Enemy (1) Variant.prefab
  artifactKey: Guid(6eb345adb5d99ae4fb32c2e00d128b98) Importer(815301076,1909f56bfc062723c751e8b465ee728b)
Start importing Assets/Prefabs/Enemy/Enemy (1) Variant.prefab using Guid(6eb345adb5d99ae4fb32c2e00d128b98) Importer(815301076,1909f56bfc062723c751e8b465ee728b)  -> (artifact id: '0a41f10df63bcc1e5548e40d6a5e9f42') in 0.009734 seconds
  Import took 0.016133 seconds .

========================================================================
Received Import Request.
  Time since last request: 18.228661 seconds.
  path: Assets/Prefabs/Enemy/Enemy Shotgun.prefab
  artifactKey: Guid(6eb345adb5d99ae4fb32c2e00d128b98) Importer(815301076,1909f56bfc062723c751e8b465ee728b)
Start importing Assets/Prefabs/Enemy/Enemy Shotgun.prefab using Guid(6eb345adb5d99ae4fb32c2e00d128b98) Importer(815301076,1909f56bfc062723c751e8b465ee728b)  -> (artifact id: 'fda192598a47767994212d31e437735a') in 0.012317 seconds
  Import took 0.019469 seconds .

========================================================================
Received Import Request.
  Time since last request: 0.029338 seconds.
  path: Assets/Prefabs/Enemy/Enemy Shotgun.prefab
  artifactKey: Guid(6eb345adb5d99ae4fb32c2e00d128b98) Importer(815301076,1909f56bfc062723c751e8b465ee728b)
Start importing Assets/Prefabs/Enemy/Enemy Shotgun.prefab using Guid(6eb345adb5d99ae4fb32c2e00d128b98) Importer(815301076,1909f56bfc062723c751e8b465ee728b)  -> (artifact id: 'fda192598a47767994212d31e437735a') in 0.017901 seconds
  Import took 0.024620 seconds .

========================================================================
Received Import Request.
  Time since last request: 13.217588 seconds.
  path: Assets/Prefabs/Enemy/Enemy Shotgun.prefab
  artifactKey: Guid(6eb345adb5d99ae4fb32c2e00d128b98) Importer(815301076,1909f56bfc062723c751e8b465ee728b)
Start importing Assets/Prefabs/Enemy/Enemy Shotgun.prefab using Guid(6eb345adb5d99ae4fb32c2e00d128b98) Importer(815301076,1909f56bfc062723c751e8b465ee728b)  -> (artifact id: '1608d565b1cbda976d4c24152a7bc695') in 0.014423 seconds
  Import took 0.088056 seconds .

========================================================================
Received Import Request.
  Time since last request: 1416.202168 seconds.
  path: Assets/Materials/Blue.mat
  artifactKey: Guid(f1b65537a6e12184b9bc065304a207b7) Importer(815301076,1909f56bfc062723c751e8b465ee728b)
Start importing Assets/Materials/Blue.mat using Guid(f1b65537a6e12184b9bc065304a207b7) Importer(815301076,1909f56bfc062723c751e8b465ee728b)  -> (artifact id: '44ab207757ea490a079ee7a0cccfcd2d') in 0.014780 seconds
  Import took 0.104289 seconds .

========================================================================
Received Import Request.
  Time since last request: 10.494207 seconds.
  path: Assets/Materials/ProBuilder Varaint.mat
  artifactKey: Guid(3a14d097613bf52438708b6269663663) Importer(815301076,1909f56bfc062723c751e8b465ee728b)
Start importing Assets/Materials/ProBuilder Varaint.mat using Guid(3a14d097613bf52438708b6269663663) Importer(815301076,1909f56bfc062723c751e8b465ee728b)  -> (artifact id: 'f3d628ebe3bdf4704d3c17a4d3088d95') in 0.028111 seconds
  Import took 0.080256 seconds .

========================================================================
Received Prepare
Registering precompiled user dll's ...
Registered in 0.003440 seconds.
Begin MonoManager ReloadAssembly
Native extension for WindowsStandalone target not found
Native extension for OSXStandalone target not found
Refreshing native plugins compatible for Editor in 0.70 ms, found 0 plugins.
Preloading 0 native plugins for Editor in 0.00 ms.
Invoked RoslynAnalysisRunner static constructor.
RoslynAnalysisRunner will not be running.
RoslynAnalysisRunner has terminated.
Mono: successfully reloaded assembly
- Completed reload, in  1.495 seconds
Platform modules already initialized, skipping
Switching build target platform(5) subTarget(0) extendedPlatform(0) -> platform(9) subTarget(16777218) extendedPlatform(0)
Shader 'Universal Render Pipeline/Particles/Lit': fallback shader 'Universal Render Pipeline/Particles/SimpleLit' not found
Refreshing native plugins compatible for Editor in 0.88 ms, found 0 plugins.
Preloading 0 native plugins for Editor in 0.00 ms.
Unloading 3575 Unused Serialized files (Serialized files now loaded: 0)
System memory in use before: 153.2 MB.
System memory in use after: 153.5 MB.

Unloading 23 unused Assets to reduce memory usage. Loaded Objects now: 4232.
Total: 5.515600 ms (FindLiveObjects: 0.790700 ms CreateObjectMapping: 0.359500 ms MarkObjects: 4.334400 ms  DeleteObjects: 0.029000 ms)

AssetImportParameters requested are different than current active one (requested -> active):
  custom:graphics/normal-map-encoding: 01000000000000000000000000000000 -> 02000000000000000000000000000000
========================================================================
Received Prepare
Registering precompiled user dll's ...
Registered in 0.004079 seconds.
Begin MonoManager ReloadAssembly
Native extension for WindowsStandalone target not found
Native extension for OSXStandalone target not found
Refreshing native plugins compatible for Editor in 1.08 ms, found 0 plugins.
Preloading 0 native plugins for Editor in 0.00 ms.
Invoked RoslynAnalysisRunner static constructor.
RoslynAnalysisRunner will not be running.
RoslynAnalysisRunner has terminated.
Mono: successfully reloaded assembly
- Completed reload, in  1.565 seconds
Platform modules already initialized, skipping
Switching build target platform(5) subTarget(0) extendedPlatform(0) -> platform(9) subTarget(16777218) extendedPlatform(0)
Shader 'Universal Render Pipeline/Particles/Lit': fallback shader 'Universal Render Pipeline/Particles/SimpleLit' not found
Refreshing native plugins compatible for Editor in 0.79 ms, found 0 plugins.
Preloading 0 native plugins for Editor in 0.00 ms.
Unloading 3575 Unused Serialized files (Serialized files now loaded: 0)
System memory in use before: 153.2 MB.
System memory in use after: 153.5 MB.

Unloading 23 unused Assets to reduce memory usage. Loaded Objects now: 4235.
Total: 3.877900 ms (FindLiveObjects: 0.794200 ms CreateObjectMapping: 0.287700 ms MarkObjects: 2.761800 ms  DeleteObjects: 0.031900 ms)

AssetImportParameters requested are different than current active one (requested -> active):
  custom:graphics/normal-map-encoding: 01000000000000000000000000000000 -> 02000000000000000000000000000000
========================================================================
Received Import Request.
  Time since last request: 98.888391 seconds.
  path: Assets/Prefabs/Enemy/Enemy ShortShot.prefab
  artifactKey: Guid(a2dccdd873afbf247a2690e091adfd2c) Importer(815301076,1909f56bfc062723c751e8b465ee728b)
Start importing Assets/Prefabs/Enemy/Enemy ShortShot.prefab using Guid(a2dccdd873afbf247a2690e091adfd2c) Importer(815301076,1909f56bfc062723c751e8b465ee728b)  -> (artifact id: 'f9f64a1a0a5e671098c3137433771b5d') in 0.060098 seconds
  Import took 0.066776 seconds .

========================================================================
Received Import Request.
  Time since last request: 17.419790 seconds.
  path: Assets/Prefabs/Enemy/Enemy ShortShot.prefab
  artifactKey: Guid(a2dccdd873afbf247a2690e091adfd2c) Importer(815301076,1909f56bfc062723c751e8b465ee728b)
Start importing Assets/Prefabs/Enemy/Enemy ShortShot.prefab using Guid(a2dccdd873afbf247a2690e091adfd2c) Importer(815301076,1909f56bfc062723c751e8b465ee728b)  -> (artifact id: '1401d0a3a2c2d42a6d90e49eed722651') in 0.010954 seconds
  Import took 0.032801 seconds .

========================================================================
Received Import Request.
  Time since last request: 0.000416 seconds.
  path: Assets/Prefabs/Enemy/Enemy Sniper.prefab
  artifactKey: Guid(7acf70de0938fcf4fbd40b2a826d5327) Importer(815301076,1909f56bfc062723c751e8b465ee728b)
Start importing Assets/Prefabs/Enemy/Enemy Sniper.prefab using Guid(7acf70de0938fcf4fbd40b2a826d5327) Importer(815301076,1909f56bfc062723c751e8b465ee728b)  -> (artifact id: 'a799b392da3cda5255d6267f37265e2c') in 0.033129 seconds
  Import took 0.038887 seconds .

========================================================================
Received Import Request.
  Time since last request: 0.000407 seconds.
  path: Assets/Prefabs/Enemy/Enemy Shotgun.prefab
  artifactKey: Guid(6eb345adb5d99ae4fb32c2e00d128b98) Importer(815301076,1909f56bfc062723c751e8b465ee728b)
Start importing Assets/Prefabs/Enemy/Enemy Shotgun.prefab using Guid(6eb345adb5d99ae4fb32c2e00d128b98) Importer(815301076,1909f56bfc062723c751e8b465ee728b)  -> (artifact id: '4708075c0ff628de6c521e084455dca3') in 0.009486 seconds
  Import took 0.015192 seconds .

========================================================================
Received Import Request.
  Time since last request: 13.061088 seconds.
  path: Assets/Prefabs/Enemy/Enemy ShortShot.prefab
  artifactKey: Guid(a2dccdd873afbf247a2690e091adfd2c) Importer(815301076,1909f56bfc062723c751e8b465ee728b)
Start importing Assets/Prefabs/Enemy/Enemy ShortShot.prefab using Guid(a2dccdd873afbf247a2690e091adfd2c) Importer(815301076,1909f56bfc062723c751e8b465ee728b)  -> (artifact id: 'e3ee441cbd37b0c13dd2ffc332097d71') in 0.009912 seconds
  Import took 0.015637 seconds .

========================================================================
Received Import Request.
  Time since last request: 6.042039 seconds.
  path: Assets/Prefabs/Enemy/Enemy Sniper.prefab
  artifactKey: Guid(7acf70de0938fcf4fbd40b2a826d5327) Importer(815301076,1909f56bfc062723c751e8b465ee728b)
Start importing Assets/Prefabs/Enemy/Enemy Sniper.prefab using Guid(7acf70de0938fcf4fbd40b2a826d5327) Importer(815301076,1909f56bfc062723c751e8b465ee728b)  -> (artifact id: '4e78a6be5a46f9e8932ca2c06daad81d') in 0.010084 seconds
  Import took 0.103671 seconds .

========================================================================
Received Import Request.
  Time since last request: 7.059435 seconds.
  path: Assets/Prefabs/Enemy/Enemy Shotgun.prefab
  artifactKey: Guid(6eb345adb5d99ae4fb32c2e00d128b98) Importer(815301076,1909f56bfc062723c751e8b465ee728b)
Start importing Assets/Prefabs/Enemy/Enemy Shotgun.prefab using Guid(6eb345adb5d99ae4fb32c2e00d128b98) Importer(815301076,1909f56bfc062723c751e8b465ee728b)  -> (artifact id: '4c55526b17d3173094d54268c058b892') in 0.009133 seconds
  Import took 0.015421 seconds .

========================================================================
Received Import Request.
  Time since last request: 0.020288 seconds.
  path: Assets/Prefabs/Enemy/Enemy Shotgun.prefab
  artifactKey: Guid(6eb345adb5d99ae4fb32c2e00d128b98) Importer(815301076,1909f56bfc062723c751e8b465ee728b)
Start importing Assets/Prefabs/Enemy/Enemy Shotgun.prefab using Guid(6eb345adb5d99ae4fb32c2e00d128b98) Importer(815301076,1909f56bfc062723c751e8b465ee728b)  -> (artifact id: '4c55526b17d3173094d54268c058b892') in 0.012858 seconds
  Import took 0.019513 seconds .

========================================================================
Received Prepare
Registering precompiled user dll's ...
Registered in 0.005663 seconds.
Begin MonoManager ReloadAssembly
Native extension for WindowsStandalone target not found
Native extension for OSXStandalone target not found
Refreshing native plugins compatible for Editor in 0.87 ms, found 0 plugins.
Preloading 0 native plugins for Editor in 0.00 ms.
Invoked RoslynAnalysisRunner static constructor.
RoslynAnalysisRunner will not be running.
RoslynAnalysisRunner has terminated.
Mono: successfully reloaded assembly
- Completed reload, in  1.402 seconds
Platform modules already initialized, skipping
Switching build target platform(5) subTarget(0) extendedPlatform(0) -> platform(9) subTarget(16777218) extendedPlatform(0)
Shader 'Universal Render Pipeline/Particles/Lit': fallback shader 'Universal Render Pipeline/Particles/SimpleLit' not found
Refreshing native plugins compatible for Editor in 0.77 ms, found 0 plugins.
Preloading 0 native plugins for Editor in 0.00 ms.
Unloading 3575 Unused Serialized files (Serialized files now loaded: 0)
System memory in use before: 153.2 MB.
System memory in use after: 153.5 MB.

Unloading 23 unused Assets to reduce memory usage. Loaded Objects now: 4239.
Total: 3.034700 ms (FindLiveObjects: 0.410700 ms CreateObjectMapping: 0.204700 ms MarkObjects: 2.393700 ms  DeleteObjects: 0.024400 ms)

AssetImportParameters requested are different than current active one (requested -> active):
  custom:graphics/normal-map-encoding: 01000000000000000000000000000000 -> 02000000000000000000000000000000
========================================================================
Received Import Request.
  Time since last request: 343.916434 seconds.
  path: Assets/Materials/ProBuilder Varaint.mat
  artifactKey: Guid(3a14d097613bf52438708b6269663663) Importer(815301076,1909f56bfc062723c751e8b465ee728b)
Start importing Assets/Materials/ProBuilder Varaint.mat using Guid(3a14d097613bf52438708b6269663663) Importer(815301076,1909f56bfc062723c751e8b465ee728b)  -> (artifact id: '2fec9bb8876a4385e44ddde5a16a3c38') in 0.077001 seconds
  Import took 0.083713 seconds .

========================================================================
Received Import Request.
  Time since last request: 25.809502 seconds.
  path: Assets/Materials/Yellow.mat
  artifactKey: Guid(2dfe5d545a1815c40a2d68f130804eaf) Importer(815301076,1909f56bfc062723c751e8b465ee728b)
Start importing Assets/Materials/Yellow.mat using Guid(2dfe5d545a1815c40a2d68f130804eaf) Importer(815301076,1909f56bfc062723c751e8b465ee728b)  -> (artifact id: 'c54b36fef790e0ade4158212a436c946') in 0.082573 seconds
  Import took 0.089206 seconds .

========================================================================
Received Import Request.
  Time since last request: 10.945251 seconds.
  path: Assets/Materials/ProBuilder Varaint.mat
  artifactKey: Guid(3a14d097613bf52438708b6269663663) Importer(815301076,1909f56bfc062723c751e8b465ee728b)
Start importing Assets/Materials/ProBuilder Varaint.mat using Guid(3a14d097613bf52438708b6269663663) Importer(815301076,1909f56bfc062723c751e8b465ee728b)  -> (artifact id: '0177ccebaf19e8249bf29e9be1bfa4b5') in 0.030567 seconds
  Import took 0.150520 seconds .

========================================================================
Received Import Request.
  Time since last request: 10.649544 seconds.
  path: Assets/Materials/Grey.mat
  artifactKey: Guid(7ef24d6de5c3d404d899f52b325a94f5) Importer(815301076,1909f56bfc062723c751e8b465ee728b)
Start importing Assets/Materials/Grey.mat using Guid(7ef24d6de5c3d404d899f52b325a94f5) Importer(815301076,1909f56bfc062723c751e8b465ee728b)  -> (artifact id: '19670efcd0249e436b5f29ed9d6265b3') in 0.009369 seconds
  Import took 0.161110 seconds .

========================================================================
Received Import Request.
  Time since last request: 10.344576 seconds.
  path: Assets/Prefabs/Enemy/Enemy Heavy.prefab
  artifactKey: Guid(b5db7ae88f58ca044905874b6b254d24) Importer(815301076,1909f56bfc062723c751e8b465ee728b)
Start importing Assets/Prefabs/Enemy/Enemy Heavy.prefab using Guid(b5db7ae88f58ca044905874b6b254d24) Importer(815301076,1909f56bfc062723c751e8b465ee728b)  -> (artifact id: 'd372ed6b3f3bc6a6e1c23c1b888b961b') in 0.022991 seconds
  Import took 0.053376 seconds .

========================================================================
Received Import Request.
  Time since last request: 8.912436 seconds.
  path: Assets/Materials/Grey.mat
  artifactKey: Guid(7ef24d6de5c3d404d899f52b325a94f5) Importer(815301076,1909f56bfc062723c751e8b465ee728b)
Start importing Assets/Materials/Grey.mat using Guid(7ef24d6de5c3d404d899f52b325a94f5) Importer(815301076,1909f56bfc062723c751e8b465ee728b)  -> (artifact id: '560e75c1b386d2323792e0101de5dfaa') in 0.014975 seconds
  Import took 0.020940 seconds .

========================================================================
Received Import Request.
  Time since last request: 16.962105 seconds.
  path: Assets/Materials/ProBuilder Varaint.mat
  artifactKey: Guid(3a14d097613bf52438708b6269663663) Importer(815301076,1909f56bfc062723c751e8b465ee728b)
Start importing Assets/Materials/ProBuilder Varaint.mat using Guid(3a14d097613bf52438708b6269663663) Importer(815301076,1909f56bfc062723c751e8b465ee728b)  -> (artifact id: 'a3fdcb6016994e2a425cedabd18533d1') in 0.030241 seconds
  Import took 0.129313 seconds .

========================================================================
Received Prepare
Registering precompiled user dll's ...
Registered in 0.003882 seconds.
Begin MonoManager ReloadAssembly
Native extension for WindowsStandalone target not found
Native extension for OSXStandalone target not found
Refreshing native plugins compatible for Editor in 0.78 ms, found 0 plugins.
Preloading 0 native plugins for Editor in 0.00 ms.
Invoked RoslynAnalysisRunner static constructor.
RoslynAnalysisRunner will not be running.
RoslynAnalysisRunner has terminated.
Mono: successfully reloaded assembly
- Completed reload, in  1.373 seconds
Platform modules already initialized, skipping
Switching build target platform(5) subTarget(0) extendedPlatform(0) -> platform(9) subTarget(16777218) extendedPlatform(0)
Shader 'Universal Render Pipeline/Particles/Lit': fallback shader 'Universal Render Pipeline/Particles/SimpleLit' not found
Refreshing native plugins compatible for Editor in 0.79 ms, found 0 plugins.
Preloading 0 native plugins for Editor in 0.00 ms.
Unloading 3575 Unused Serialized files (Serialized files now loaded: 0)
System memory in use before: 153.3 MB.
System memory in use after: 153.5 MB.

Unloading 23 unused Assets to reduce memory usage. Loaded Objects now: 4243.
Total: 2.876900 ms (FindLiveObjects: 0.355700 ms CreateObjectMapping: 0.204800 ms MarkObjects: 2.285300 ms  DeleteObjects: 0.029900 ms)

AssetImportParameters requested are different than current active one (requested -> active):
  custom:graphics/normal-map-encoding: 01000000000000000000000000000000 -> 02000000000000000000000000000000
========================================================================
Received Import Request.
  Time since last request: 157.328248 seconds.
  path: Assets/Prefabs/Enemy/Enemy Pistol.prefab
  artifactKey: Guid(a2dccdd873afbf247a2690e091adfd2c) Importer(815301076,1909f56bfc062723c751e8b465ee728b)
Start importing Assets/Prefabs/Enemy/Enemy Pistol.prefab using Guid(a2dccdd873afbf247a2690e091adfd2c) Importer(815301076,1909f56bfc062723c751e8b465ee728b)  -> (artifact id: '47ffa35ad04decf0708fb568c6d67c47') in 0.057399 seconds
  Import took 0.063802 seconds .

========================================================================
Received Prepare
Registering precompiled user dll's ...
Registered in 0.003761 seconds.
Begin MonoManager ReloadAssembly
Native extension for WindowsStandalone target not found
Native extension for OSXStandalone target not found
Refreshing native plugins compatible for Editor in 0.65 ms, found 0 plugins.
Preloading 0 native plugins for Editor in 0.00 ms.
Invoked RoslynAnalysisRunner static constructor.
RoslynAnalysisRunner will not be running.
RoslynAnalysisRunner has terminated.
Mono: successfully reloaded assembly
- Completed reload, in  1.320 seconds
Platform modules already initialized, skipping
Switching build target platform(5) subTarget(0) extendedPlatform(0) -> platform(9) subTarget(16777218) extendedPlatform(0)
Shader 'Universal Render Pipeline/Particles/Lit': fallback shader 'Universal Render Pipeline/Particles/SimpleLit' not found
Refreshing native plugins compatible for Editor in 0.82 ms, found 0 plugins.
Preloading 0 native plugins for Editor in 0.00 ms.
Unloading 3575 Unused Serialized files (Serialized files now loaded: 0)
System memory in use before: 153.3 MB.
System memory in use after: 153.5 MB.

Unloading 23 unused Assets to reduce memory usage. Loaded Objects now: 4247.
Total: 3.405800 ms (FindLiveObjects: 0.386200 ms CreateObjectMapping: 0.223300 ms MarkObjects: 2.771400 ms  DeleteObjects: 0.024000 ms)

AssetImportParameters requested are different than current active one (requested -> active):
  custom:graphics/normal-map-encoding: 01000000000000000000000000000000 -> 02000000000000000000000000000000
AssetImportWorkerClient::OnTransportError - code=2 error=End of file
