Using pre-set license
Built from '2020.3/release' branch; Version is '2020.3.2f1 (8fd9074bf66c) revision 9427207'; Using compiler version '192528614'; Build Type 'Release'
OS: 'Windows 10 Home; OS build 19044.1766; Version 2009; 64bit' Language: 'en' Physical Memory: 16242 MB
BatchMode: 1, IsHumanControllingUs: 0, StartBugReporterOnCrash: 0, Is64bit: 1, IsPro: 0

 COMMAND LINE ARGUMENTS:
C:\Program Files\Unity\Hub\Editor\2020.3.2f1\Editor\Unity.exe
-adb2
-batchMode
-noUpm
-name
AssetImportWorker0
-projectPath
D:/_Desktop Extra/Unity Project Storage/Cosmic-TSS-Repo/Cosmic_TSS
-logFile
Logs/AssetImportWorker0.log
-srvPort
54156
Successfully changed project path to: D:/_Desktop Extra/Unity Project Storage/Cosmic-TSS-Repo/Cosmic_TSS
D:/_Desktop Extra/Unity Project Storage/Cosmic-TSS-Repo/Cosmic_TSS
Using Asset Import Pipeline V2.
Refreshing native plugins compatible for Editor in 93.03 ms, found 0 plugins.
Preloading 0 native plugins for Editor in 0.00 ms.
Initialize engine version: 2020.3.2f1 (8fd9074bf66c)
[Subsystems] Discovering subsystems at path C:/Program Files/Unity/Hub/Editor/2020.3.2f1/Editor/Data/Resources/UnitySubsystems
[Subsystems] Discovering subsystems at path D:/_Desktop Extra/Unity Project Storage/Cosmic-TSS-Repo/Cosmic_TSS/Assets
GfxDevice: creating device client; threaded=0
Direct3D:
    Version:  Direct3D 11.0 [level 11.1]
    Renderer: NVIDIA GeForce GTX 1050 Ti (ID=0x1c8c)
    Vendor:   
    VRAM:     4018 MB
    Driver:   30.0.15.1169
Shader 'Universal Render Pipeline/Particles/Lit': fallback shader 'Universal Render Pipeline/Particles/SimpleLit' not found
Initialize mono
Mono path[0] = 'C:/Program Files/Unity/Hub/Editor/2020.3.2f1/Editor/Data/Managed'
Mono path[1] = 'C:/Program Files/Unity/Hub/Editor/2020.3.2f1/Editor/Data/MonoBleedingEdge/lib/mono/unityjit'
Mono config path = 'C:/Program Files/Unity/Hub/Editor/2020.3.2f1/Editor/Data/MonoBleedingEdge/etc'
Using monoOptions --debugger-agent=transport=dt_socket,embedding=1,server=y,suspend=n,address=127.0.0.1:56212
Begin MonoManager ReloadAssembly
Registering precompiled unity dll's ...
Register platform support module: C:/Program Files/Unity/Hub/Editor/2020.3.2f1/Editor/Data/PlaybackEngines/MacStandaloneSupport/UnityEditor.OSXStandalone.Extensions.dll
Register platform support module: C:/Program Files/Unity/Hub/Editor/2020.3.2f1/Editor/Data/PlaybackEngines/WindowsStandaloneSupport/UnityEditor.WindowsStandalone.Extensions.dll
Registered in 0.003478 seconds.
Native extension for WindowsStandalone target not found
Native extension for OSXStandalone target not found
Refreshing native plugins compatible for Editor in 92.39 ms, found 0 plugins.
Preloading 0 native plugins for Editor in 0.00 ms.
Invoked RoslynAnalysisRunner static constructor.
RoslynAnalysisRunner will not be running.
RoslynAnalysisRunner has terminated.
Mono: successfully reloaded assembly
- Completed reload, in  1.428 seconds
Platform modules already initialized, skipping
Registering precompiled user dll's ...
Registered in 0.004024 seconds.
Begin MonoManager ReloadAssembly
Native extension for WindowsStandalone target not found
Native extension for OSXStandalone target not found
Refreshing native plugins compatible for Editor in 90.17 ms, found 0 plugins.
Preloading 0 native plugins for Editor in 0.00 ms.
Invoked RoslynAnalysisRunner static constructor.
RoslynAnalysisRunner will not be running.
RoslynAnalysisRunner has terminated.
Mono: successfully reloaded assembly
- Completed reload, in  1.257 seconds
Platform modules already initialized, skipping
========================================================================
Worker process is ready to serve import requests
Shader 'Universal Render Pipeline/Particles/Lit': fallback shader 'Universal Render Pipeline/Particles/SimpleLit' not found
Launched and connected shader compiler UnityShaderCompiler.exe after 0.06 seconds
Refreshing native plugins compatible for Editor in 0.93 ms, found 0 plugins.
Preloading 0 native plugins for Editor in 0.00 ms.
Unloading 3709 Unused Serialized files (Serialized files now loaded: 0)
System memory in use before: 190.8 MB.
System memory in use after: 191.0 MB.

Unloading 29 unused Assets to reduce memory usage. Loaded Objects now: 4163.
Total: 3.676300 ms (FindLiveObjects: 0.689200 ms CreateObjectMapping: 0.302300 ms MarkObjects: 2.649000 ms  DeleteObjects: 0.034300 ms)

========================================================================
Received Import Request.
  path: Assets/Audio/xenon-sentry.mp3
  artifactKey: Guid(733b132c4531abe44958e87896d7400f) Importer(815301076,1909f56bfc062723c751e8b465ee728b)
Start importing Assets/Audio/xenon-sentry.mp3 using Guid(733b132c4531abe44958e87896d7400f) Importer(815301076,1909f56bfc062723c751e8b465ee728b)  -> (artifact id: 'e6c4ffe0be44d622b68a9edd22a2a4b4') in 0.113953 seconds
  Import took 0.216378 seconds .

========================================================================
Received Prepare
Registering precompiled user dll's ...
Registered in 0.004131 seconds.
Begin MonoManager ReloadAssembly
Native extension for WindowsStandalone target not found
Native extension for OSXStandalone target not found
Refreshing native plugins compatible for Editor in 0.95 ms, found 0 plugins.
Preloading 0 native plugins for Editor in 0.00 ms.
Invoked RoslynAnalysisRunner static constructor.
RoslynAnalysisRunner will not be running.
RoslynAnalysisRunner has terminated.
Mono: successfully reloaded assembly
- Completed reload, in  1.045 seconds
Platform modules already initialized, skipping
Shader 'Universal Render Pipeline/Particles/Lit': fallback shader 'Universal Render Pipeline/Particles/SimpleLit' not found
Refreshing native plugins compatible for Editor in 0.92 ms, found 0 plugins.
Preloading 0 native plugins for Editor in 0.00 ms.
Unloading 3582 Unused Serialized files (Serialized files now loaded: 0)
System memory in use before: 182.0 MB.
System memory in use after: 182.2 MB.

Unloading 23 unused Assets to reduce memory usage. Loaded Objects now: 4175.
Total: 2.558200 ms (FindLiveObjects: 0.332200 ms CreateObjectMapping: 0.150400 ms MarkObjects: 2.057000 ms  DeleteObjects: 0.017300 ms)

========================================================================
Received Import Request.
  Time since last request: 57.846211 seconds.
  path: Assets/Music.mixer
  artifactKey: Guid(8f299eea733107a41ac503fa232025ae) Importer(815301076,1909f56bfc062723c751e8b465ee728b)
Start importing Assets/Music.mixer using Guid(8f299eea733107a41ac503fa232025ae) Importer(815301076,1909f56bfc062723c751e8b465ee728b)  -> (artifact id: '88025689d1cbf34dac9f4d761099f791') in 0.058417 seconds
  Import took 0.064334 seconds .

========================================================================
Received Import Request.
  Time since last request: 30.079425 seconds.
  path: Assets/Music.mixer
  artifactKey: Guid(8f299eea733107a41ac503fa232025ae) Importer(815301076,1909f56bfc062723c751e8b465ee728b)
Start importing Assets/Music.mixer using Guid(8f299eea733107a41ac503fa232025ae) Importer(815301076,1909f56bfc062723c751e8b465ee728b)  -> (artifact id: '5b88051f95170267e9f445e07bc72847') in 0.003435 seconds
  Import took 0.009100 seconds .

========================================================================
Received Import Request.
  Time since last request: 0.027747 seconds.
  path: Assets/Music.mixer
  artifactKey: Guid(8f299eea733107a41ac503fa232025ae) Importer(815301076,1909f56bfc062723c751e8b465ee728b)
Start importing Assets/Music.mixer using Guid(8f299eea733107a41ac503fa232025ae) Importer(815301076,1909f56bfc062723c751e8b465ee728b)  -> (artifact id: '5b88051f95170267e9f445e07bc72847') in 0.003893 seconds
  Import took 0.010158 seconds .

========================================================================
Received Prepare
Registering precompiled user dll's ...
Registered in 0.003757 seconds.
Begin MonoManager ReloadAssembly
Native extension for WindowsStandalone target not found
Native extension for OSXStandalone target not found
Refreshing native plugins compatible for Editor in 0.90 ms, found 0 plugins.
Preloading 0 native plugins for Editor in 0.00 ms.
Invoked RoslynAnalysisRunner static constructor.
RoslynAnalysisRunner will not be running.
RoslynAnalysisRunner has terminated.
Mono: successfully reloaded assembly
- Completed reload, in  1.023 seconds
Platform modules already initialized, skipping
Shader 'Universal Render Pipeline/Particles/Lit': fallback shader 'Universal Render Pipeline/Particles/SimpleLit' not found
Refreshing native plugins compatible for Editor in 0.92 ms, found 0 plugins.
Preloading 0 native plugins for Editor in 0.00 ms.
Unloading 3582 Unused Serialized files (Serialized files now loaded: 0)
System memory in use before: 182.0 MB.
System memory in use after: 182.3 MB.

Unloading 23 unused Assets to reduce memory usage. Loaded Objects now: 4178.
Total: 2.614400 ms (FindLiveObjects: 0.354600 ms CreateObjectMapping: 0.144600 ms MarkObjects: 2.096700 ms  DeleteObjects: 0.017400 ms)

========================================================================
Received Prepare
Registering precompiled user dll's ...
Registered in 0.003684 seconds.
Begin MonoManager ReloadAssembly
Native extension for WindowsStandalone target not found
Native extension for OSXStandalone target not found
Refreshing native plugins compatible for Editor in 0.90 ms, found 0 plugins.
Preloading 0 native plugins for Editor in 0.00 ms.
Invoked RoslynAnalysisRunner static constructor.
RoslynAnalysisRunner will not be running.
RoslynAnalysisRunner has terminated.
Mono: successfully reloaded assembly
- Completed reload, in  1.019 seconds
Platform modules already initialized, skipping
Shader 'Universal Render Pipeline/Particles/Lit': fallback shader 'Universal Render Pipeline/Particles/SimpleLit' not found
Refreshing native plugins compatible for Editor in 0.94 ms, found 0 plugins.
Preloading 0 native plugins for Editor in 0.00 ms.
Unloading 3582 Unused Serialized files (Serialized files now loaded: 0)
System memory in use before: 182.1 MB.
System memory in use after: 182.3 MB.

Unloading 23 unused Assets to reduce memory usage. Loaded Objects now: 4181.
Total: 2.989500 ms (FindLiveObjects: 0.508000 ms CreateObjectMapping: 0.292900 ms MarkObjects: 2.166600 ms  DeleteObjects: 0.019800 ms)

========================================================================
Received Import Request.
  Time since last request: 146.042925 seconds.
  path: Assets/Music.mixer
  artifactKey: Guid(8f299eea733107a41ac503fa232025ae) Importer(815301076,1909f56bfc062723c751e8b465ee728b)
Start importing Assets/Music.mixer using Guid(8f299eea733107a41ac503fa232025ae) Importer(815301076,1909f56bfc062723c751e8b465ee728b)  -> (artifact id: '054bd6a018c57e38a1c7bfa35c0f7573') in 0.053370 seconds
  Import took 0.192512 seconds .

========================================================================
Received Import Request.
  Time since last request: 388.693815 seconds.
  path: Assets/Scenes/MainGame/MainMenu.unity
  artifactKey: Guid(487ccecdd998c8e4bab3c8fe39edeb2c) Importer(815301076,1909f56bfc062723c751e8b465ee728b)
Start importing Assets/Scenes/MainGame/MainMenu.unity using Guid(487ccecdd998c8e4bab3c8fe39edeb2c) Importer(815301076,1909f56bfc062723c751e8b465ee728b)  -> (artifact id: '8796b97d085d6c43f74110362930824c') in 0.004601 seconds
  Import took 0.150628 seconds .

========================================================================
Received Prepare
Registering precompiled user dll's ...
Registered in 0.005588 seconds.
Begin MonoManager ReloadAssembly
Native extension for WindowsStandalone target not found
Native extension for OSXStandalone target not found
Refreshing native plugins compatible for Editor in 1.42 ms, found 0 plugins.
Preloading 0 native plugins for Editor in 0.00 ms.
Invoked RoslynAnalysisRunner static constructor.
RoslynAnalysisRunner will not be running.
RoslynAnalysisRunner has terminated.
Mono: successfully reloaded assembly
- Completed reload, in  1.064 seconds
Platform modules already initialized, skipping
Shader 'Universal Render Pipeline/Particles/Lit': fallback shader 'Universal Render Pipeline/Particles/SimpleLit' not found
Refreshing native plugins compatible for Editor in 0.91 ms, found 0 plugins.
Preloading 0 native plugins for Editor in 0.00 ms.
Unloading 3582 Unused Serialized files (Serialized files now loaded: 0)
System memory in use before: 182.1 MB.
System memory in use after: 182.3 MB.

Unloading 23 unused Assets to reduce memory usage. Loaded Objects now: 4184.
Total: 3.114100 ms (FindLiveObjects: 0.390200 ms CreateObjectMapping: 0.260300 ms MarkObjects: 2.440500 ms  DeleteObjects: 0.021800 ms)

========================================================================
Received Import Request.
  Time since last request: 1417.127851 seconds.
  path: Assets/CosmicTSS - Credits and Assets.txt
  artifactKey: Guid(041bf650b2d8bae48a0d4c24c6c0c359) Importer(815301076,1909f56bfc062723c751e8b465ee728b)
Start importing Assets/CosmicTSS - Credits and Assets.txt using Guid(041bf650b2d8bae48a0d4c24c6c0c359) Importer(815301076,1909f56bfc062723c751e8b465ee728b)  -> (artifact id: '388fe6244b7313cf184b3161c835fb98') in 0.017870 seconds
  Import took 0.215159 seconds .

========================================================================
Received Prepare
Registering precompiled user dll's ...
Registered in 0.004200 seconds.
Begin MonoManager ReloadAssembly
Native extension for WindowsStandalone target not found
Native extension for OSXStandalone target not found
Refreshing native plugins compatible for Editor in 0.91 ms, found 0 plugins.
Preloading 0 native plugins for Editor in 0.00 ms.
Invoked RoslynAnalysisRunner static constructor.
RoslynAnalysisRunner will not be running.
RoslynAnalysisRunner has terminated.
Mono: successfully reloaded assembly
- Completed reload, in  1.012 seconds
Platform modules already initialized, skipping
Shader 'Universal Render Pipeline/Particles/Lit': fallback shader 'Universal Render Pipeline/Particles/SimpleLit' not found
Refreshing native plugins compatible for Editor in 1.09 ms, found 0 plugins.
Preloading 0 native plugins for Editor in 0.00 ms.
Unloading 3582 Unused Serialized files (Serialized files now loaded: 0)
System memory in use before: 182.1 MB.
System memory in use after: 182.4 MB.

Unloading 23 unused Assets to reduce memory usage. Loaded Objects now: 4187.
Total: 4.040700 ms (FindLiveObjects: 0.675600 ms CreateObjectMapping: 0.318400 ms MarkObjects: 3.020500 ms  DeleteObjects: 0.024600 ms)

========================================================================
Received Prepare
Registering precompiled user dll's ...
Registered in 0.003754 seconds.
Begin MonoManager ReloadAssembly
Native extension for WindowsStandalone target not found
Native extension for OSXStandalone target not found
Refreshing native plugins compatible for Editor in 0.97 ms, found 0 plugins.
Preloading 0 native plugins for Editor in 0.00 ms.
Invoked RoslynAnalysisRunner static constructor.
RoslynAnalysisRunner will not be running.
RoslynAnalysisRunner has terminated.
Mono: successfully reloaded assembly
- Completed reload, in  1.020 seconds
Platform modules already initialized, skipping
Shader 'Universal Render Pipeline/Particles/Lit': fallback shader 'Universal Render Pipeline/Particles/SimpleLit' not found
Refreshing native plugins compatible for Editor in 1.58 ms, found 0 plugins.
Preloading 0 native plugins for Editor in 0.00 ms.
Unloading 3582 Unused Serialized files (Serialized files now loaded: 0)
System memory in use before: 182.1 MB.
System memory in use after: 182.4 MB.

Unloading 23 unused Assets to reduce memory usage. Loaded Objects now: 4190.
Total: 3.959100 ms (FindLiveObjects: 0.988000 ms CreateObjectMapping: 0.293400 ms MarkObjects: 2.616400 ms  DeleteObjects: 0.059300 ms)

========================================================================
Received Prepare
Registering precompiled user dll's ...
Registered in 0.007285 seconds.
Begin MonoManager ReloadAssembly
Native extension for WindowsStandalone target not found
Native extension for OSXStandalone target not found
Refreshing native plugins compatible for Editor in 0.94 ms, found 0 plugins.
Preloading 0 native plugins for Editor in 0.00 ms.
Invoked RoslynAnalysisRunner static constructor.
RoslynAnalysisRunner will not be running.
RoslynAnalysisRunner has terminated.
Mono: successfully reloaded assembly
- Completed reload, in  1.022 seconds
Platform modules already initialized, skipping
Shader 'Universal Render Pipeline/Particles/Lit': fallback shader 'Universal Render Pipeline/Particles/SimpleLit' not found
Refreshing native plugins compatible for Editor in 1.41 ms, found 0 plugins.
Preloading 0 native plugins for Editor in 0.00 ms.
Unloading 3582 Unused Serialized files (Serialized files now loaded: 0)
System memory in use before: 182.1 MB.
System memory in use after: 182.4 MB.

Unloading 23 unused Assets to reduce memory usage. Loaded Objects now: 4193.
Total: 3.700000 ms (FindLiveObjects: 0.546800 ms CreateObjectMapping: 0.254500 ms MarkObjects: 2.872800 ms  DeleteObjects: 0.024100 ms)

========================================================================
Received Import Request.
  Time since last request: 318.472651 seconds.
  path: Assets/Models/Alien/Alien 2 Object/Alien2Material3.mat
  artifactKey: Guid(b735cb66f5c5d794183f06c4b12dc4e5) Importer(815301076,1909f56bfc062723c751e8b465ee728b)
Start importing Assets/Models/Alien/Alien 2 Object/Alien2Material3.mat using Guid(b735cb66f5c5d794183f06c4b12dc4e5) Importer(815301076,1909f56bfc062723c751e8b465ee728b)  -> (artifact id: '02b7c6ba1e58fc46d38c3472acdad2d7') in 1.193535 seconds
  Import took 1.293388 seconds .

========================================================================
Received Import Request.
  Time since last request: 0.000415 seconds.
  path: Assets/Materials/Purple.mat
  artifactKey: Guid(26554b623a3c97d43b3eb40f9b83e32a) Importer(815301076,1909f56bfc062723c751e8b465ee728b)
Start importing Assets/Materials/Purple.mat using Guid(26554b623a3c97d43b3eb40f9b83e32a) Importer(815301076,1909f56bfc062723c751e8b465ee728b)  -> (artifact id: '9a2b99f00f117be3d2e4bcfe177d81c1') in 0.169487 seconds
  Import took 0.269882 seconds .

========================================================================
Received Import Request.
  Time since last request: 0.000465 seconds.
  path: Assets/TextMesh Pro/Resources/Fonts & Materials/LiberationSans SDF - Fallback.asset
  artifactKey: Guid(2e498d1c8094910479dc3e1b768306a4) Importer(815301076,1909f56bfc062723c751e8b465ee728b)
Start importing Assets/TextMesh Pro/Resources/Fonts & Materials/LiberationSans SDF - Fallback.asset using Guid(2e498d1c8094910479dc3e1b768306a4) Importer(815301076,1909f56bfc062723c751e8b465ee728b)  -> (artifact id: 'ea59b2ed3f931f62cf40990d0b911564') in 0.158630 seconds
  Import took 0.351416 seconds .

========================================================================
Received Import Request.
  Time since last request: 0.013132 seconds.
  path: Assets/TextMesh Pro/Resources/Fonts & Materials/LiberationSans SDF - Fallback.asset
  artifactKey: Guid(2e498d1c8094910479dc3e1b768306a4) Importer(815301076,1909f56bfc062723c751e8b465ee728b)
Start importing Assets/TextMesh Pro/Resources/Fonts & Materials/LiberationSans SDF - Fallback.asset using Guid(2e498d1c8094910479dc3e1b768306a4) Importer(815301076,1909f56bfc062723c751e8b465ee728b)  -> (artifact id: 'ea59b2ed3f931f62cf40990d0b911564') in 0.017942 seconds
  Import took 0.023956 seconds .

========================================================================
Received Prepare
Registering precompiled user dll's ...
Registered in 0.004286 seconds.
Begin MonoManager ReloadAssembly
Native extension for WindowsStandalone target not found
Native extension for OSXStandalone target not found
Refreshing native plugins compatible for Editor in 0.92 ms, found 0 plugins.
Preloading 0 native plugins for Editor in 0.00 ms.
Invoked RoslynAnalysisRunner static constructor.
RoslynAnalysisRunner will not be running.
RoslynAnalysisRunner has terminated.
Mono: successfully reloaded assembly
- Completed reload, in  1.037 seconds
Platform modules already initialized, skipping
Shader 'Universal Render Pipeline/Particles/Lit': fallback shader 'Universal Render Pipeline/Particles/SimpleLit' not found
Refreshing native plugins compatible for Editor in 1.20 ms, found 0 plugins.
Preloading 0 native plugins for Editor in 0.00 ms.
Unloading 3582 Unused Serialized files (Serialized files now loaded: 0)
System memory in use before: 182.4 MB.
System memory in use after: 182.7 MB.

Unloading 23 unused Assets to reduce memory usage. Loaded Objects now: 4233.
Total: 3.566600 ms (FindLiveObjects: 0.811500 ms CreateObjectMapping: 0.349100 ms MarkObjects: 2.352700 ms  DeleteObjects: 0.052100 ms)

========================================================================
Received Prepare
Registering precompiled user dll's ...
Registered in 0.003939 seconds.
Begin MonoManager ReloadAssembly
Native extension for WindowsStandalone target not found
Native extension for OSXStandalone target not found
Refreshing native plugins compatible for Editor in 0.92 ms, found 0 plugins.
Preloading 0 native plugins for Editor in 0.00 ms.
Invoked RoslynAnalysisRunner static constructor.
RoslynAnalysisRunner will not be running.
RoslynAnalysisRunner has terminated.
Mono: successfully reloaded assembly
- Completed reload, in  1.089 seconds
Platform modules already initialized, skipping
Shader 'Universal Render Pipeline/Particles/Lit': fallback shader 'Universal Render Pipeline/Particles/SimpleLit' not found
Refreshing native plugins compatible for Editor in 0.93 ms, found 0 plugins.
Preloading 0 native plugins for Editor in 0.00 ms.
Unloading 3582 Unused Serialized files (Serialized files now loaded: 0)
System memory in use before: 182.4 MB.
System memory in use after: 182.7 MB.

Unloading 23 unused Assets to reduce memory usage. Loaded Objects now: 4236.
Total: 3.640700 ms (FindLiveObjects: 0.586300 ms CreateObjectMapping: 0.293600 ms MarkObjects: 2.735200 ms  DeleteObjects: 0.024000 ms)

========================================================================
Received Prepare
Registering precompiled user dll's ...
Registered in 0.003771 seconds.
Begin MonoManager ReloadAssembly
Native extension for WindowsStandalone target not found
Native extension for OSXStandalone target not found
Refreshing native plugins compatible for Editor in 0.93 ms, found 0 plugins.
Preloading 0 native plugins for Editor in 0.00 ms.
Invoked RoslynAnalysisRunner static constructor.
RoslynAnalysisRunner will not be running.
RoslynAnalysisRunner has terminated.
Mono: successfully reloaded assembly
- Completed reload, in  1.030 seconds
Platform modules already initialized, skipping
Shader 'Universal Render Pipeline/Particles/Lit': fallback shader 'Universal Render Pipeline/Particles/SimpleLit' not found
Refreshing native plugins compatible for Editor in 0.94 ms, found 0 plugins.
Preloading 0 native plugins for Editor in 0.00 ms.
Unloading 3582 Unused Serialized files (Serialized files now loaded: 0)
System memory in use before: 182.4 MB.
System memory in use after: 182.7 MB.

Unloading 23 unused Assets to reduce memory usage. Loaded Objects now: 4239.
Total: 2.791600 ms (FindLiveObjects: 0.515100 ms CreateObjectMapping: 0.186500 ms MarkObjects: 2.071000 ms  DeleteObjects: 0.017900 ms)

========================================================================
Received Import Request.
  Time since last request: 729.117367 seconds.
  path: Assets/Scenes/MainGame/PlayDerelict.unity
  artifactKey: Guid(9fc0d4010bbf28b4594072e72b8655ab) Importer(815301076,1909f56bfc062723c751e8b465ee728b)
Start importing Assets/Scenes/MainGame/PlayDerelict.unity using Guid(9fc0d4010bbf28b4594072e72b8655ab) Importer(815301076,1909f56bfc062723c751e8b465ee728b)  -> (artifact id: '37c6cb401c4efeaa0f353e4b7935d7e5') in 0.048483 seconds
  Import took 0.173295 seconds .

AssetImportWorkerClient::OnTransportError - code=2 error=End of file
